#
# There is insufficient memory for the Java Runtime Environment to continue.
# Native memory allocation (malloc) failed to allocate 560576 bytes for Chunk::new
# Possible reasons:
#   The system is out of physical RAM or swap space
#   The process is running with CompressedOops enabled, and the Java Heap may be blocking the growth of the native heap
# Possible solutions:
#   Reduce memory load on the system
#   Increase physical memory or swap space
#   Check if swap backing store is full
#   Decrease Java heap size (-Xmx/-Xms)
#   Decrease number of Java threads
#   Decrease Java thread stack sizes (-Xss)
#   Set larger code cache with -XX:ReservedCodeCacheSize=
#   JVM is running with Unscaled Compressed Oops mode in which the Java heap is
#     placed in the first 4GB address space. The Java Heap base address is the
#     maximum limit for the native heap growth. Please use -XX:HeapBaseMinAddress
#     to set the Java Heap base and to place the Java Heap above 4GB virtual address.
# This output file may be truncated or incomplete.
#
#  Out of Memory Error (arena.cpp:184), pid=15420, tid=11640
#
# JRE version: Java(TM) SE Runtime Environment (18.0+36) (build 18+36-2087)
# Java VM: Java HotSpot(TM) 64-Bit Server VM (18+36-2087, mixed mode, sharing, tiered, compressed oops, compressed class ptrs, g1 gc, windows-amd64)
# No core dump will be written. Minidumps are not enabled by default on client versions of Windows
#

---------------  S U M M A R Y ------------

Command Line: -Dmaven.multiModuleProjectDirectory=D:\NAGP\nagp-microservices-assignment1-master\api-gateway org.apache.maven.wrapper.MavenWrapperMain package

Host: Intel(R) Core(TM) i5-8250U CPU @ 1.60GHz, 8 cores, 7G,  Windows 11 , 64 bit Build 22000 (10.0.22000.613)
Time: Wed Apr 20 22:19:35 2022 Sri Lanka Standard Time elapsed time: 3.766564 seconds (0d 0h 0m 3s)

---------------  T H R E A D  ---------------

Current thread (0x000002263303d1a0):  JavaThread "C2 CompilerThread0" daemon [_thread_in_native, id=11640, stack(0x0000009247400000,0x0000009247500000)]


Current CompileTask:
C2:   3766 4175   !   4       org.apache.maven.model.profile.DefaultProfileSelector::isActive (187 bytes)

Stack: [0x0000009247400000,0x0000009247500000]
Native frames: (J=compiled Java code, j=interpreted, Vv=VM code, C=native code)
V  [jvm.dll+0x69804a]
V  [jvm.dll+0x7f308d]
V  [jvm.dll+0x7f499e]
V  [jvm.dll+0x7f5053]
V  [jvm.dll+0x25ca3f]
V  [jvm.dll+0xb8c2f]
V  [jvm.dll+0xb8fa5]
V  [jvm.dll+0x385a6b]
V  [jvm.dll+0x34f811]
V  [jvm.dll+0x34ecaa]
V  [jvm.dll+0x22fc21]
V  [jvm.dll+0x22eff1]
V  [jvm.dll+0x1b9cfc]
V  [jvm.dll+0x23e8ca]
V  [jvm.dll+0x23cbac]
V  [jvm.dll+0x7a5781]
V  [jvm.dll+0x79fbba]
V  [jvm.dll+0x696ef5]
C  [ucrtbase.dll+0x26c0c]
C  [KERNEL32.DLL+0x154e0]
C  [ntdll.dll+0x485b]


---------------  P R O C E S S  ---------------

Threads class SMR info:
_java_thread_list=0x00000226382e3240, length=13, elements={
0x0000022614ec18b0, 0x000002263301bc70, 0x000002263301c8d0, 0x0000022633039a90,
0x000002263303a340, 0x000002263303ace0, 0x000002263303be20, 0x000002263303d1a0,
0x000002263303e6c0, 0x000002263303f840, 0x0000022637492a30, 0x000002263749c760,
0x0000022638303070
}

Java Threads: ( => current thread )
  0x0000022614ec18b0 JavaThread "main" [_thread_in_native, id=15664, stack(0x0000009246700000,0x0000009246800000)]
  0x000002263301bc70 JavaThread "Reference Handler" daemon [_thread_blocked, id=12852, stack(0x0000009246e00000,0x0000009246f00000)]
  0x000002263301c8d0 JavaThread "Finalizer" daemon [_thread_blocked, id=20564, stack(0x0000009246f00000,0x0000009247000000)]
  0x0000022633039a90 JavaThread "Signal Dispatcher" daemon [_thread_blocked, id=19752, stack(0x0000009247000000,0x0000009247100000)]
  0x000002263303a340 JavaThread "Attach Listener" daemon [_thread_blocked, id=11832, stack(0x0000009247100000,0x0000009247200000)]
  0x000002263303ace0 JavaThread "Service Thread" daemon [_thread_blocked, id=5200, stack(0x0000009247200000,0x0000009247300000)]
  0x000002263303be20 JavaThread "Monitor Deflation Thread" daemon [_thread_blocked, id=16624, stack(0x0000009247300000,0x0000009247400000)]
=>0x000002263303d1a0 JavaThread "C2 CompilerThread0" daemon [_thread_in_native, id=11640, stack(0x0000009247400000,0x0000009247500000)]
  0x000002263303e6c0 JavaThread "C1 CompilerThread0" daemon [_thread_blocked, id=19004, stack(0x0000009247500000,0x0000009247600000)]
  0x000002263303f840 JavaThread "Sweeper thread" daemon [_thread_blocked, id=21240, stack(0x0000009247600000,0x0000009247700000)]
  0x0000022637492a30 JavaThread "Notification Thread" daemon [_thread_blocked, id=18928, stack(0x0000009247700000,0x0000009247800000)]
  0x000002263749c760 JavaThread "Common-Cleaner" daemon [_thread_blocked, id=6008, stack(0x0000009247900000,0x0000009247a00000)]
  0x0000022638303070 JavaThread "C2 CompilerThread1" daemon [_thread_in_native, id=20900, stack(0x0000009247a00000,0x0000009247b00000)]

Other Threads:
  0x0000022614f39a90 VMThread "VM Thread" [stack: 0x0000009246d00000,0x0000009246e00000] [id=7696]
  0x000002263749af20 WatcherThread "VM Periodic Task Thread" [stack: 0x0000009247800000,0x0000009247900000] [id=17684]
  0x0000022614f21f90 WorkerThread "GC Thread#0" [stack: 0x0000009246800000,0x0000009246900000] [id=3064]
  0x0000022638075cd0 WorkerThread "GC Thread#1" [stack: 0x0000009247b00000,0x0000009247c00000] [id=10892]
  0x0000022637e89bd0 WorkerThread "GC Thread#2" [stack: 0x0000009247c00000,0x0000009247d00000] [id=8248]
  0x000002263810ad50 WorkerThread "GC Thread#3" [stack: 0x0000009247d00000,0x0000009247e00000] [id=2724]
  0x0000022638100000 WorkerThread "GC Thread#4" [stack: 0x0000009247e00000,0x0000009247f00000] [id=19648]
  0x00000226380e5910 WorkerThread "GC Thread#5" [stack: 0x0000009247f00000,0x0000009248000000] [id=3604]
  0x00000226380e63d0 WorkerThread "GC Thread#6" [stack: 0x0000009248000000,0x0000009248100000] [id=8884]
  0x00000226380e6e90 WorkerThread "GC Thread#7" [stack: 0x0000009248100000,0x0000009248200000] [id=7464]
  0x0000022614f32b40 ConcurrentGCThread "G1 Main Marker" [stack: 0x0000009246900000,0x0000009246a00000] [id=12792]
  0x0000022614f33530 WorkerThread "G1 Conc#0" [stack: 0x0000009246a00000,0x0000009246b00000] [id=8196]
  0x0000022614f844f0 ConcurrentGCThread "G1 Refine#0" [stack: 0x0000009246b00000,0x0000009246c00000] [id=20788]
  0x000002263955b360 ConcurrentGCThread "G1 Refine#1" [stack: 0x0000009248200000,0x0000009248300000] [id=14640]
  0x00000226383a1450 ConcurrentGCThread "G1 Refine#2" [stack: 0x0000009248300000,0x0000009248400000] [id=21336]
  0x0000022614f84e00 ConcurrentGCThread "G1 Service" [stack: 0x0000009246c00000,0x0000009246d00000] [id=2544]

Threads with active compile tasks:
C2 CompilerThread0     3876 4175   !   4       org.apache.maven.model.profile.DefaultProfileSelector::isActive (187 bytes)
C2 CompilerThread1     3876 4179   !   4       org.apache.maven.model.PluginContainer::clone (137 bytes)

VM state: not at safepoint (normal execution)

VM Mutex/Monitor currently owned by a thread: None

Heap address: 0x0000000081c00000, size: 2020 MB, Compressed Oops mode: 32-bit

CDS archive(s) mapped at: [0x0000000800000000-0x0000000800ba0000-0x0000000800ba0000), size 12189696, SharedBaseAddress: 0x0000000800000000, ArchiveRelocationMode: 0.
Compressed class space mapped at: 0x0000000800c00000-0x0000000840c00000, reserved size: 1073741824
Narrow klass base: 0x0000000800000000, Narrow klass shift: 0, Narrow klass range: 0x100000000

GC Precious Log:
 CardTable entry size: 512
 Card Set container configuration: InlinePtr #cards 5 size 8 Array Of Cards #cards 12 size 40 Howl #buckets 4 coarsen threshold 1843 Howl Bitmap #cards 512 size 80 coarsen threshold 460 Card regions per heap region 1 cards per card region 2048
 CPUs: 8 total, 8 available
 Memory: 8074M
 Large Page Support: Disabled
 NUMA Support: Disabled
 Compressed Oops: Enabled (32-bit)
 Heap Region Size: 1M
 Heap Min Capacity: 8M
 Heap Initial Capacity: 128M
 Heap Max Capacity: 2020M
 Pre-touch: Disabled
 Parallel Workers: 8
 Concurrent Workers: 2
 Concurrent Refinement Workers: 8
 Periodic GC: Disabled

Heap:
 garbage-first heap   total 174080K, used 55808K [0x0000000081c00000, 0x0000000100000000)
  region size 1024K, 20 young (20480K), 6 survivors (6144K)
 Metaspace       used 15457K, committed 15744K, reserved 1114112K
  class space    used 1619K, committed 1728K, reserved 1048576K

Heap Regions: E=young(eden), S=young(survivor), O=old, HS=humongous(starts), HC=humongous(continues), CS=collection set, F=free, OA=open archive, CA=closed archive, TAMS=top-at-mark-start (previous, next)
|   0|0x0000000081c00000, 0x0000000081d00000, 0x0000000081d00000|100%| O|  |TAMS 0x0000000081c00000, 0x0000000081c00000| Untracked 
|   1|0x0000000081d00000, 0x0000000081e00000, 0x0000000081e00000|100%| O|  |TAMS 0x0000000081d00000, 0x0000000081d00000| Untracked 
|   2|0x0000000081e00000, 0x0000000081f00000, 0x0000000081f00000|100%| O|  |TAMS 0x0000000081e00000, 0x0000000081e00000| Untracked 
|   3|0x0000000081f00000, 0x0000000082000000, 0x0000000082000000|100%| O|  |TAMS 0x0000000081f00000, 0x0000000081f00000| Untracked 
|   4|0x0000000082000000, 0x0000000082100000, 0x0000000082100000|100%| O|  |TAMS 0x0000000082000000, 0x0000000082000000| Untracked 
|   5|0x0000000082100000, 0x0000000082200000, 0x0000000082200000|100%| O|  |TAMS 0x0000000082100000, 0x0000000082100000| Untracked 
|   6|0x0000000082200000, 0x0000000082300000, 0x0000000082300000|100%| O|  |TAMS 0x0000000082200000, 0x0000000082200000| Untracked 
|   7|0x0000000082300000, 0x0000000082400000, 0x0000000082400000|100%| O|  |TAMS 0x0000000082300000, 0x0000000082300000| Untracked 
|   8|0x0000000082400000, 0x0000000082500000, 0x0000000082500000|100%| O|  |TAMS 0x0000000082400000, 0x0000000082400000| Untracked 
|   9|0x0000000082500000, 0x0000000082600000, 0x0000000082600000|100%| O|  |TAMS 0x0000000082500000, 0x0000000082500000| Untracked 
|  10|0x0000000082600000, 0x0000000082700000, 0x0000000082700000|100%| O|  |TAMS 0x0000000082600000, 0x0000000082600000| Untracked 
|  11|0x0000000082700000, 0x0000000082800000, 0x0000000082800000|100%| O|  |TAMS 0x0000000082700000, 0x0000000082700000| Untracked 
|  12|0x0000000082800000, 0x0000000082900000, 0x0000000082900000|100%| O|  |TAMS 0x0000000082800000, 0x0000000082800000| Untracked 
|  13|0x0000000082900000, 0x0000000082a00000, 0x0000000082a00000|100%| O|  |TAMS 0x0000000082900000, 0x0000000082900000| Untracked 
|  14|0x0000000082a00000, 0x0000000082b00000, 0x0000000082b00000|100%| O|  |TAMS 0x0000000082a00000, 0x0000000082a00000| Untracked 
|  15|0x0000000082b00000, 0x0000000082c00000, 0x0000000082c00000|100%| O|  |TAMS 0x0000000082b00000, 0x0000000082b00000| Untracked 
|  16|0x0000000082c00000, 0x0000000082d00000, 0x0000000082d00000|100%| O|  |TAMS 0x0000000082c00000, 0x0000000082c00000| Untracked 
|  17|0x0000000082d00000, 0x0000000082e00000, 0x0000000082e00000|100%| O|  |TAMS 0x0000000082d00000, 0x0000000082d00000| Untracked 
|  18|0x0000000082e00000, 0x0000000082f00000, 0x0000000082f00000|100%| O|  |TAMS 0x0000000082e00000, 0x0000000082e00000| Untracked 
|  19|0x0000000082f00000, 0x0000000083000000, 0x0000000083000000|100%| O|  |TAMS 0x0000000082f00000, 0x0000000082f00000| Untracked 
|  20|0x0000000083000000, 0x0000000083100000, 0x0000000083100000|100%| O|  |TAMS 0x0000000083000000, 0x0000000083000000| Untracked 
|  21|0x0000000083100000, 0x0000000083200000, 0x0000000083200000|100%| O|  |TAMS 0x0000000083100000, 0x0000000083100000| Untracked 
|  22|0x0000000083200000, 0x0000000083300000, 0x0000000083300000|100%| O|  |TAMS 0x0000000083200000, 0x0000000083200000| Untracked 
|  23|0x0000000083300000, 0x0000000083400000, 0x0000000083400000|100%| O|  |TAMS 0x0000000083300000, 0x0000000083300000| Untracked 
|  24|0x0000000083400000, 0x0000000083500000, 0x0000000083500000|100%| O|  |TAMS 0x0000000083400000, 0x0000000083400000| Untracked 
|  25|0x0000000083500000, 0x0000000083600000, 0x0000000083600000|100%| O|  |TAMS 0x0000000083500000, 0x0000000083500000| Untracked 
|  26|0x0000000083600000, 0x0000000083700000, 0x0000000083700000|100%| O|  |TAMS 0x0000000083600000, 0x0000000083600000| Untracked 
|  27|0x0000000083700000, 0x0000000083800000, 0x0000000083800000|100%| O|  |TAMS 0x0000000083700000, 0x0000000083700000| Untracked 
|  28|0x0000000083800000, 0x0000000083900000, 0x0000000083900000|100%| O|  |TAMS 0x0000000083800000, 0x0000000083800000| Untracked 
|  29|0x0000000083900000, 0x0000000083a00000, 0x0000000083a00000|100%| O|  |TAMS 0x0000000083900000, 0x0000000083900000| Untracked 
|  30|0x0000000083a00000, 0x0000000083b00000, 0x0000000083b00000|100%| O|  |TAMS 0x0000000083a00000, 0x0000000083a00000| Untracked 
|  31|0x0000000083b00000, 0x0000000083c00000, 0x0000000083c00000|100%| O|  |TAMS 0x0000000083b00000, 0x0000000083b00000| Untracked 
|  32|0x0000000083c00000, 0x0000000083d00000, 0x0000000083d00000|100%| O|  |TAMS 0x0000000083c00000, 0x0000000083c00000| Untracked 
|  33|0x0000000083d00000, 0x0000000083e00000, 0x0000000083e00000|100%| O|  |TAMS 0x0000000083d00000, 0x0000000083d00000| Untracked 
|  34|0x0000000083e00000, 0x0000000083f00000, 0x0000000083f00000|100%| O|  |TAMS 0x0000000083e00000, 0x0000000083e00000| Untracked 
|  35|0x0000000083f00000, 0x0000000083f80000, 0x0000000084000000| 50%| O|  |TAMS 0x0000000083f00000, 0x0000000083f00000| Untracked 
|  36|0x0000000084000000, 0x0000000084000000, 0x0000000084100000|  0%| F|  |TAMS 0x0000000084000000, 0x0000000084000000| Untracked 
|  37|0x0000000084100000, 0x0000000084100000, 0x0000000084200000|  0%| F|  |TAMS 0x0000000084100000, 0x0000000084100000| Untracked 
|  38|0x0000000084200000, 0x0000000084200000, 0x0000000084300000|  0%| F|  |TAMS 0x0000000084200000, 0x0000000084200000| Untracked 
|  39|0x0000000084300000, 0x0000000084300000, 0x0000000084400000|  0%| F|  |TAMS 0x0000000084300000, 0x0000000084300000| Untracked 
|  40|0x0000000084400000, 0x0000000084400000, 0x0000000084500000|  0%| F|  |TAMS 0x0000000084400000, 0x0000000084400000| Untracked 
|  41|0x0000000084500000, 0x0000000084500000, 0x0000000084600000|  0%| F|  |TAMS 0x0000000084500000, 0x0000000084500000| Untracked 
|  42|0x0000000084600000, 0x0000000084600000, 0x0000000084700000|  0%| F|  |TAMS 0x0000000084600000, 0x0000000084600000| Untracked 
|  43|0x0000000084700000, 0x0000000084700000, 0x0000000084800000|  0%| F|  |TAMS 0x0000000084700000, 0x0000000084700000| Untracked 
|  44|0x0000000084800000, 0x0000000084800000, 0x0000000084900000|  0%| F|  |TAMS 0x0000000084800000, 0x0000000084800000| Untracked 
|  45|0x0000000084900000, 0x0000000084900000, 0x0000000084a00000|  0%| F|  |TAMS 0x0000000084900000, 0x0000000084900000| Untracked 
|  46|0x0000000084a00000, 0x0000000084a00000, 0x0000000084b00000|  0%| F|  |TAMS 0x0000000084a00000, 0x0000000084a00000| Untracked 
|  47|0x0000000084b00000, 0x0000000084b00000, 0x0000000084c00000|  0%| F|  |TAMS 0x0000000084b00000, 0x0000000084b00000| Untracked 
|  48|0x0000000084c00000, 0x0000000084c00000, 0x0000000084d00000|  0%| F|  |TAMS 0x0000000084c00000, 0x0000000084c00000| Untracked 
|  49|0x0000000084d00000, 0x0000000084d00000, 0x0000000084e00000|  0%| F|  |TAMS 0x0000000084d00000, 0x0000000084d00000| Untracked 
|  50|0x0000000084e00000, 0x0000000084e00000, 0x0000000084f00000|  0%| F|  |TAMS 0x0000000084e00000, 0x0000000084e00000| Untracked 
|  51|0x0000000084f00000, 0x0000000084f00000, 0x0000000085000000|  0%| F|  |TAMS 0x0000000084f00000, 0x0000000084f00000| Untracked 
|  52|0x0000000085000000, 0x0000000085000000, 0x0000000085100000|  0%| F|  |TAMS 0x0000000085000000, 0x0000000085000000| Untracked 
|  53|0x0000000085100000, 0x0000000085100000, 0x0000000085200000|  0%| F|  |TAMS 0x0000000085100000, 0x0000000085100000| Untracked 
|  54|0x0000000085200000, 0x0000000085200000, 0x0000000085300000|  0%| F|  |TAMS 0x0000000085200000, 0x0000000085200000| Untracked 
|  55|0x0000000085300000, 0x0000000085300000, 0x0000000085400000|  0%| F|  |TAMS 0x0000000085300000, 0x0000000085300000| Untracked 
|  56|0x0000000085400000, 0x0000000085400000, 0x0000000085500000|  0%| F|  |TAMS 0x0000000085400000, 0x0000000085400000| Untracked 
|  57|0x0000000085500000, 0x0000000085500000, 0x0000000085600000|  0%| F|  |TAMS 0x0000000085500000, 0x0000000085500000| Untracked 
|  58|0x0000000085600000, 0x0000000085600000, 0x0000000085700000|  0%| F|  |TAMS 0x0000000085600000, 0x0000000085600000| Untracked 
|  59|0x0000000085700000, 0x0000000085700000, 0x0000000085800000|  0%| F|  |TAMS 0x0000000085700000, 0x0000000085700000| Untracked 
|  60|0x0000000085800000, 0x0000000085800000, 0x0000000085900000|  0%| F|  |TAMS 0x0000000085800000, 0x0000000085800000| Untracked 
|  61|0x0000000085900000, 0x0000000085900000, 0x0000000085a00000|  0%| F|  |TAMS 0x0000000085900000, 0x0000000085900000| Untracked 
|  62|0x0000000085a00000, 0x0000000085a00000, 0x0000000085b00000|  0%| F|  |TAMS 0x0000000085a00000, 0x0000000085a00000| Untracked 
|  63|0x0000000085b00000, 0x0000000085b00000, 0x0000000085c00000|  0%| F|  |TAMS 0x0000000085b00000, 0x0000000085b00000| Untracked 
|  64|0x0000000085c00000, 0x0000000085c00000, 0x0000000085d00000|  0%| F|  |TAMS 0x0000000085c00000, 0x0000000085c00000| Untracked 
|  65|0x0000000085d00000, 0x0000000085d00000, 0x0000000085e00000|  0%| F|  |TAMS 0x0000000085d00000, 0x0000000085d00000| Untracked 
|  66|0x0000000085e00000, 0x0000000085e00000, 0x0000000085f00000|  0%| F|  |TAMS 0x0000000085e00000, 0x0000000085e00000| Untracked 
|  67|0x0000000085f00000, 0x0000000086000000, 0x0000000086000000|100%| S|CS|TAMS 0x0000000085f00000, 0x0000000085f00000| Complete 
|  68|0x0000000086000000, 0x0000000086100000, 0x0000000086100000|100%| S|CS|TAMS 0x0000000086000000, 0x0000000086000000| Complete 
|  69|0x0000000086100000, 0x0000000086200000, 0x0000000086200000|100%| S|CS|TAMS 0x0000000086100000, 0x0000000086100000| Complete 
|  70|0x0000000086200000, 0x0000000086300000, 0x0000000086300000|100%| S|CS|TAMS 0x0000000086200000, 0x0000000086200000| Complete 
|  71|0x0000000086300000, 0x0000000086400000, 0x0000000086400000|100%| S|CS|TAMS 0x0000000086300000, 0x0000000086300000| Complete 
|  72|0x0000000086400000, 0x0000000086500000, 0x0000000086500000|100%| S|CS|TAMS 0x0000000086400000, 0x0000000086400000| Complete 
|  73|0x0000000086500000, 0x0000000086500000, 0x0000000086600000|  0%| F|  |TAMS 0x0000000086500000, 0x0000000086500000| Untracked 
|  74|0x0000000086600000, 0x0000000086600000, 0x0000000086700000|  0%| F|  |TAMS 0x0000000086600000, 0x0000000086600000| Untracked 
|  75|0x0000000086700000, 0x0000000086700000, 0x0000000086800000|  0%| F|  |TAMS 0x0000000086700000, 0x0000000086700000| Untracked 
|  76|0x0000000086800000, 0x0000000086800000, 0x0000000086900000|  0%| F|  |TAMS 0x0000000086800000, 0x0000000086800000| Untracked 
|  77|0x0000000086900000, 0x0000000086900000, 0x0000000086a00000|  0%| F|  |TAMS 0x0000000086900000, 0x0000000086900000| Untracked 
|  78|0x0000000086a00000, 0x0000000086a00000, 0x0000000086b00000|  0%| F|  |TAMS 0x0000000086a00000, 0x0000000086a00000| Untracked 
|  79|0x0000000086b00000, 0x0000000086b00000, 0x0000000086c00000|  0%| F|  |TAMS 0x0000000086b00000, 0x0000000086b00000| Untracked 
|  80|0x0000000086c00000, 0x0000000086c00000, 0x0000000086d00000|  0%| F|  |TAMS 0x0000000086c00000, 0x0000000086c00000| Untracked 
|  81|0x0000000086d00000, 0x0000000086d00000, 0x0000000086e00000|  0%| F|  |TAMS 0x0000000086d00000, 0x0000000086d00000| Untracked 
|  82|0x0000000086e00000, 0x0000000086e00000, 0x0000000086f00000|  0%| F|  |TAMS 0x0000000086e00000, 0x0000000086e00000| Untracked 
|  83|0x0000000086f00000, 0x0000000086f00000, 0x0000000087000000|  0%| F|  |TAMS 0x0000000086f00000, 0x0000000086f00000| Untracked 
|  84|0x0000000087000000, 0x0000000087000000, 0x0000000087100000|  0%| F|  |TAMS 0x0000000087000000, 0x0000000087000000| Untracked 
|  85|0x0000000087100000, 0x0000000087100000, 0x0000000087200000|  0%| F|  |TAMS 0x0000000087100000, 0x0000000087100000| Untracked 
|  86|0x0000000087200000, 0x0000000087200000, 0x0000000087300000|  0%| F|  |TAMS 0x0000000087200000, 0x0000000087200000| Untracked 
|  87|0x0000000087300000, 0x0000000087300000, 0x0000000087400000|  0%| F|  |TAMS 0x0000000087300000, 0x0000000087300000| Untracked 
|  88|0x0000000087400000, 0x0000000087400000, 0x0000000087500000|  0%| F|  |TAMS 0x0000000087400000, 0x0000000087400000| Untracked 
|  89|0x0000000087500000, 0x0000000087500000, 0x0000000087600000|  0%| F|  |TAMS 0x0000000087500000, 0x0000000087500000| Untracked 
|  90|0x0000000087600000, 0x0000000087600000, 0x0000000087700000|  0%| F|  |TAMS 0x0000000087600000, 0x0000000087600000| Untracked 
|  91|0x0000000087700000, 0x0000000087700000, 0x0000000087800000|  0%| F|  |TAMS 0x0000000087700000, 0x0000000087700000| Untracked 
|  92|0x0000000087800000, 0x0000000087800000, 0x0000000087900000|  0%| F|  |TAMS 0x0000000087800000, 0x0000000087800000| Untracked 
|  93|0x0000000087900000, 0x0000000087900000, 0x0000000087a00000|  0%| F|  |TAMS 0x0000000087900000, 0x0000000087900000| Untracked 
|  94|0x0000000087a00000, 0x0000000087a00000, 0x0000000087b00000|  0%| F|  |TAMS 0x0000000087a00000, 0x0000000087a00000| Untracked 
|  95|0x0000000087b00000, 0x0000000087b00000, 0x0000000087c00000|  0%| F|  |TAMS 0x0000000087b00000, 0x0000000087b00000| Untracked 
|  96|0x0000000087c00000, 0x0000000087c00000, 0x0000000087d00000|  0%| F|  |TAMS 0x0000000087c00000, 0x0000000087c00000| Untracked 
|  97|0x0000000087d00000, 0x0000000087d00000, 0x0000000087e00000|  0%| F|  |TAMS 0x0000000087d00000, 0x0000000087d00000| Untracked 
|  98|0x0000000087e00000, 0x0000000087e00000, 0x0000000087f00000|  0%| F|  |TAMS 0x0000000087e00000, 0x0000000087e00000| Untracked 
|  99|0x0000000087f00000, 0x0000000087f00000, 0x0000000088000000|  0%| F|  |TAMS 0x0000000087f00000, 0x0000000087f00000| Untracked 
| 100|0x0000000088000000, 0x0000000088000000, 0x0000000088100000|  0%| F|  |TAMS 0x0000000088000000, 0x0000000088000000| Untracked 
| 101|0x0000000088100000, 0x0000000088100000, 0x0000000088200000|  0%| F|  |TAMS 0x0000000088100000, 0x0000000088100000| Untracked 
| 102|0x0000000088200000, 0x0000000088200000, 0x0000000088300000|  0%| F|  |TAMS 0x0000000088200000, 0x0000000088200000| Untracked 
| 103|0x0000000088300000, 0x0000000088300000, 0x0000000088400000|  0%| F|  |TAMS 0x0000000088300000, 0x0000000088300000| Untracked 
| 104|0x0000000088400000, 0x0000000088400000, 0x0000000088500000|  0%| F|  |TAMS 0x0000000088400000, 0x0000000088400000| Untracked 
| 105|0x0000000088500000, 0x0000000088500000, 0x0000000088600000|  0%| F|  |TAMS 0x0000000088500000, 0x0000000088500000| Untracked 
| 106|0x0000000088600000, 0x0000000088600000, 0x0000000088700000|  0%| F|  |TAMS 0x0000000088600000, 0x0000000088600000| Untracked 
| 107|0x0000000088700000, 0x0000000088700000, 0x0000000088800000|  0%| F|  |TAMS 0x0000000088700000, 0x0000000088700000| Untracked 
| 108|0x0000000088800000, 0x0000000088800000, 0x0000000088900000|  0%| F|  |TAMS 0x0000000088800000, 0x0000000088800000| Untracked 
| 109|0x0000000088900000, 0x0000000088900000, 0x0000000088a00000|  0%| F|  |TAMS 0x0000000088900000, 0x0000000088900000| Untracked 
| 110|0x0000000088a00000, 0x0000000088a00000, 0x0000000088b00000|  0%| F|  |TAMS 0x0000000088a00000, 0x0000000088a00000| Untracked 
| 111|0x0000000088b00000, 0x0000000088b00000, 0x0000000088c00000|  0%| F|  |TAMS 0x0000000088b00000, 0x0000000088b00000| Untracked 
| 112|0x0000000088c00000, 0x0000000088c00000, 0x0000000088d00000|  0%| F|  |TAMS 0x0000000088c00000, 0x0000000088c00000| Untracked 
| 113|0x0000000088d00000, 0x0000000088d00000, 0x0000000088e00000|  0%| F|  |TAMS 0x0000000088d00000, 0x0000000088d00000| Untracked 
| 114|0x0000000088e00000, 0x0000000088e00000, 0x0000000088f00000|  0%| F|  |TAMS 0x0000000088e00000, 0x0000000088e00000| Untracked 
| 115|0x0000000088f00000, 0x0000000088f00000, 0x0000000089000000|  0%| F|  |TAMS 0x0000000088f00000, 0x0000000088f00000| Untracked 
| 116|0x0000000089000000, 0x0000000089000000, 0x0000000089100000|  0%| F|  |TAMS 0x0000000089000000, 0x0000000089000000| Untracked 
| 117|0x0000000089100000, 0x0000000089100000, 0x0000000089200000|  0%| F|  |TAMS 0x0000000089100000, 0x0000000089100000| Untracked 
| 118|0x0000000089200000, 0x0000000089200000, 0x0000000089300000|  0%| F|  |TAMS 0x0000000089200000, 0x0000000089200000| Untracked 
| 119|0x0000000089300000, 0x0000000089300000, 0x0000000089400000|  0%| F|  |TAMS 0x0000000089300000, 0x0000000089300000| Untracked 
| 120|0x0000000089400000, 0x0000000089400000, 0x0000000089500000|  0%| F|  |TAMS 0x0000000089400000, 0x0000000089400000| Untracked 
| 121|0x0000000089500000, 0x0000000089500000, 0x0000000089600000|  0%| F|  |TAMS 0x0000000089500000, 0x0000000089500000| Untracked 
| 122|0x0000000089600000, 0x0000000089600000, 0x0000000089700000|  0%| F|  |TAMS 0x0000000089600000, 0x0000000089600000| Untracked 
| 123|0x0000000089700000, 0x0000000089700000, 0x0000000089800000|  0%| F|  |TAMS 0x0000000089700000, 0x0000000089700000| Untracked 
| 124|0x0000000089800000, 0x0000000089800000, 0x0000000089900000|  0%| F|  |TAMS 0x0000000089800000, 0x0000000089800000| Untracked 
| 125|0x0000000089900000, 0x0000000089900000, 0x0000000089a00000|  0%| F|  |TAMS 0x0000000089900000, 0x0000000089900000| Untracked 
| 126|0x0000000089a00000, 0x0000000089a00000, 0x0000000089b00000|  0%| F|  |TAMS 0x0000000089a00000, 0x0000000089a00000| Untracked 
| 127|0x0000000089b00000, 0x0000000089b00000, 0x0000000089c00000|  0%| F|  |TAMS 0x0000000089b00000, 0x0000000089b00000| Untracked 
| 128|0x0000000089c00000, 0x0000000089c00000, 0x0000000089d00000|  0%| F|  |TAMS 0x0000000089c00000, 0x0000000089c00000| Untracked 
| 129|0x0000000089d00000, 0x0000000089d00000, 0x0000000089e00000|  0%| F|  |TAMS 0x0000000089d00000, 0x0000000089d00000| Untracked 
| 130|0x0000000089e00000, 0x0000000089e00000, 0x0000000089f00000|  0%| F|  |TAMS 0x0000000089e00000, 0x0000000089e00000| Untracked 
| 131|0x0000000089f00000, 0x0000000089f00000, 0x000000008a000000|  0%| F|  |TAMS 0x0000000089f00000, 0x0000000089f00000| Untracked 
| 132|0x000000008a000000, 0x000000008a000000, 0x000000008a100000|  0%| F|  |TAMS 0x000000008a000000, 0x000000008a000000| Untracked 
| 133|0x000000008a100000, 0x000000008a100000, 0x000000008a200000|  0%| F|  |TAMS 0x000000008a100000, 0x000000008a100000| Untracked 
| 134|0x000000008a200000, 0x000000008a200000, 0x000000008a300000|  0%| F|  |TAMS 0x000000008a200000, 0x000000008a200000| Untracked 
| 135|0x000000008a300000, 0x000000008a300000, 0x000000008a400000|  0%| F|  |TAMS 0x000000008a300000, 0x000000008a300000| Untracked 
| 136|0x000000008a400000, 0x000000008a400000, 0x000000008a500000|  0%| F|  |TAMS 0x000000008a400000, 0x000000008a400000| Untracked 
| 137|0x000000008a500000, 0x000000008a500000, 0x000000008a600000|  0%| F|  |TAMS 0x000000008a500000, 0x000000008a500000| Untracked 
| 138|0x000000008a600000, 0x000000008a600000, 0x000000008a700000|  0%| F|  |TAMS 0x000000008a600000, 0x000000008a600000| Untracked 
| 139|0x000000008a700000, 0x000000008a700000, 0x000000008a800000|  0%| F|  |TAMS 0x000000008a700000, 0x000000008a700000| Untracked 
| 140|0x000000008a800000, 0x000000008a800000, 0x000000008a900000|  0%| F|  |TAMS 0x000000008a800000, 0x000000008a800000| Untracked 
| 141|0x000000008a900000, 0x000000008a900000, 0x000000008aa00000|  0%| F|  |TAMS 0x000000008a900000, 0x000000008a900000| Untracked 
| 142|0x000000008aa00000, 0x000000008aa00000, 0x000000008ab00000|  0%| F|  |TAMS 0x000000008aa00000, 0x000000008aa00000| Untracked 
| 143|0x000000008ab00000, 0x000000008ab00000, 0x000000008ac00000|  0%| F|  |TAMS 0x000000008ab00000, 0x000000008ab00000| Untracked 
| 144|0x000000008ac00000, 0x000000008ac00000, 0x000000008ad00000|  0%| F|  |TAMS 0x000000008ac00000, 0x000000008ac00000| Untracked 
| 145|0x000000008ad00000, 0x000000008ad00000, 0x000000008ae00000|  0%| F|  |TAMS 0x000000008ad00000, 0x000000008ad00000| Untracked 
| 146|0x000000008ae00000, 0x000000008ae00000, 0x000000008af00000|  0%| F|  |TAMS 0x000000008ae00000, 0x000000008ae00000| Untracked 
| 147|0x000000008af00000, 0x000000008af00000, 0x000000008b000000|  0%| F|  |TAMS 0x000000008af00000, 0x000000008af00000| Untracked 
| 148|0x000000008b000000, 0x000000008b000000, 0x000000008b100000|  0%| F|  |TAMS 0x000000008b000000, 0x000000008b000000| Untracked 
| 149|0x000000008b100000, 0x000000008b100000, 0x000000008b200000|  0%| F|  |TAMS 0x000000008b100000, 0x000000008b100000| Untracked 
| 150|0x000000008b200000, 0x000000008b200000, 0x000000008b300000|  0%| F|  |TAMS 0x000000008b200000, 0x000000008b200000| Untracked 
| 151|0x000000008b300000, 0x000000008b300000, 0x000000008b400000|  0%| F|  |TAMS 0x000000008b300000, 0x000000008b300000| Untracked 
| 152|0x000000008b400000, 0x000000008b400000, 0x000000008b500000|  0%| F|  |TAMS 0x000000008b400000, 0x000000008b400000| Untracked 
| 153|0x000000008b500000, 0x000000008b500000, 0x000000008b600000|  0%| F|  |TAMS 0x000000008b500000, 0x000000008b500000| Untracked 
| 154|0x000000008b600000, 0x000000008b600000, 0x000000008b700000|  0%| F|  |TAMS 0x000000008b600000, 0x000000008b600000| Untracked 
| 155|0x000000008b700000, 0x000000008b700000, 0x000000008b800000|  0%| F|  |TAMS 0x000000008b700000, 0x000000008b700000| Untracked 
| 156|0x000000008b800000, 0x000000008b900000, 0x000000008b900000|100%| E|  |TAMS 0x000000008b800000, 0x000000008b800000| Complete 
| 157|0x000000008b900000, 0x000000008ba00000, 0x000000008ba00000|100%| E|CS|TAMS 0x000000008b900000, 0x000000008b900000| Complete 
| 158|0x000000008ba00000, 0x000000008bb00000, 0x000000008bb00000|100%| E|CS|TAMS 0x000000008ba00000, 0x000000008ba00000| Complete 
| 159|0x000000008bb00000, 0x000000008bc00000, 0x000000008bc00000|100%| E|CS|TAMS 0x000000008bb00000, 0x000000008bb00000| Complete 
| 160|0x000000008bc00000, 0x000000008bd00000, 0x000000008bd00000|100%| E|CS|TAMS 0x000000008bc00000, 0x000000008bc00000| Complete 
| 161|0x000000008bd00000, 0x000000008be00000, 0x000000008be00000|100%| E|CS|TAMS 0x000000008bd00000, 0x000000008bd00000| Complete 
| 162|0x000000008be00000, 0x000000008bf00000, 0x000000008bf00000|100%| E|CS|TAMS 0x000000008be00000, 0x000000008be00000| Complete 
| 163|0x000000008bf00000, 0x000000008c000000, 0x000000008c000000|100%| E|CS|TAMS 0x000000008bf00000, 0x000000008bf00000| Complete 
| 164|0x000000008c000000, 0x000000008c100000, 0x000000008c100000|100%| E|CS|TAMS 0x000000008c000000, 0x000000008c000000| Complete 
| 165|0x000000008c100000, 0x000000008c200000, 0x000000008c200000|100%| E|CS|TAMS 0x000000008c100000, 0x000000008c100000| Complete 
| 166|0x000000008c200000, 0x000000008c300000, 0x000000008c300000|100%| E|CS|TAMS 0x000000008c200000, 0x000000008c200000| Complete 
| 167|0x000000008c300000, 0x000000008c400000, 0x000000008c400000|100%| E|CS|TAMS 0x000000008c300000, 0x000000008c300000| Complete 
| 168|0x000000008c400000, 0x000000008c500000, 0x000000008c500000|100%| E|CS|TAMS 0x000000008c400000, 0x000000008c400000| Complete 
| 169|0x000000008c500000, 0x000000008c600000, 0x000000008c600000|100%| E|CS|TAMS 0x000000008c500000, 0x000000008c500000| Complete 

Card table byte_map: [0x000002262bf30000,0x000002262c330000] _byte_map_base: 0x000002262bb22000

Marking Bits (Prev, Next): (CMBitMap*) 0x0000022614f22590, (CMBitMap*) 0x0000022614f225d0
 Prev Bits: [0x000002262c730000, 0x000002262e6c0000)
 Next Bits: [0x000002262e6c0000, 0x0000022630650000)

Polling page: 0x0000022612d60000

Metaspace:

Usage:
  Non-class:     13.55 MB used.
      Class:      1.58 MB used.
       Both:     15.13 MB used.

Virtual space:
  Non-class space:       64.00 MB reserved,      13.69 MB ( 21%) committed,  1 nodes.
      Class space:        1.00 GB reserved,       1.75 MB ( <1%) committed,  1 nodes.
             Both:        1.06 GB reserved,      15.44 MB (  1%) committed. 

Chunk freelists:
   Non-Class:  1.58 MB
       Class:  2.30 MB
        Both:  3.88 MB

MaxMetaspaceSize: unlimited
CompressedClassSpaceSize: 1.00 GB
Initial GC threshold: 21.00 MB
Current GC threshold: 21.00 MB
CDS: on
MetaspaceReclaimPolicy: balanced
 - commit_granule_bytes: 65536.
 - commit_granule_words: 8192.
 - virtual_space_node_default_size: 8388608.
 - enlarge_chunks_in_place: 1.
 - new_chunks_are_fully_committed: 0.
 - uncommit_free_chunks: 1.
 - use_allocation_guard: 0.


Internal statistics:

num_allocs_failed_limit: 0.
num_arena_births: 264.
num_arena_deaths: 0.
num_vsnodes_births: 2.
num_vsnodes_deaths: 0.
num_space_committed: 247.
num_space_uncommitted: 0.
num_chunks_returned_to_freelist: 0.
num_chunks_taken_from_freelist: 808.
num_chunk_merges: 0.
num_chunk_splits: 580.
num_chunks_enlarged: 438.
num_inconsistent_stats: 0.

CodeHeap 'non-profiled nmethods': size=120000Kb used=2219Kb max_used=2219Kb free=117780Kb
 bounds [0x00000226242c0000, 0x0000022624530000, 0x000002262b7f0000]
CodeHeap 'profiled nmethods': size=120000Kb used=9696Kb max_used=9696Kb free=110303Kb
 bounds [0x000002261cd90000, 0x000002261d710000, 0x00000226242c0000]
CodeHeap 'non-nmethods': size=5760Kb used=1191Kb max_used=1259Kb free=4568Kb
 bounds [0x000002261c7f0000, 0x000002261ca60000, 0x000002261cd90000]
 total_blobs=4730 nmethods=4257 adapters=385
 compilation: enabled
              stopped_count=0, restarted_count=0
 full_count=0

Compilation events (20 events):
Event: 3.750 Thread 0x000002263303e6c0 4184       3       org.apache.maven.model.CiManagement::getLocation (176 bytes)
Event: 3.750 Thread 0x000002263303e6c0 nmethod 4184 0x000002261d6cff10 code [0x000002261d6d01a0, 0x000002261d6d0f08]
Event: 3.750 Thread 0x000002263303e6c0 4185       3       org.apache.maven.model.CiManagement::setLocation (186 bytes)
Event: 3.751 Thread 0x000002263303e6c0 nmethod 4185 0x000002261d6d1190 code [0x000002261d6d1460, 0x000002261d6d26e8]
Event: 3.751 Thread 0x000002263303e6c0 4188       3       org.codehaus.plexus.interpolation.PrefixedObjectValueSource::<init> (22 bytes)
Event: 3.752 Thread 0x000002263303e6c0 nmethod 4188 0x000002261d6d2a90 code [0x000002261d6d2ca0, 0x000002261d6d3448]
Event: 3.752 Thread 0x000002263303e6c0 4189       3       org.codehaus.plexus.interpolation.AbstractDelegatingValueSource::<init> (24 bytes)
Event: 3.752 Thread 0x000002263303e6c0 nmethod 4189 0x000002261d6d3710 code [0x000002261d6d38c0, 0x000002261d6d3b88]
Event: 3.752 Thread 0x000002263303e6c0 4190       3       org.apache.maven.model.interpolation.UrlNormalizingPostProcessor::<init> (10 bytes)
Event: 3.752 Thread 0x000002263303e6c0 nmethod 4190 0x000002261d6d3c90 code [0x000002261d6d3e20, 0x000002261d6d3fd8]
Event: 3.752 Thread 0x000002263303e6c0 4186       1       org.apache.maven.model.CiManagement::setSystem (6 bytes)
Event: 3.753 Thread 0x000002263303e6c0 nmethod 4186 0x00000226244e0c90 code [0x00000226244e0e20, 0x00000226244e0f38]
Event: 3.753 Thread 0x000002263303e6c0 4187       1       org.apache.maven.model.CiManagement::setUrl (6 bytes)
Event: 3.753 Thread 0x000002263303e6c0 nmethod 4187 0x00000226244e0f90 code [0x00000226244e1120, 0x00000226244e1238]
Event: 3.753 Thread 0x000002263303e6c0 4191       3       java.lang.CharacterDataLatin1::isUpperCase (16 bytes)
Event: 3.753 Thread 0x000002263303e6c0 nmethod 4191 0x000002261d6d4090 code [0x000002261d6d4240, 0x000002261d6d4458]
Event: 3.753 Thread 0x000002263303e6c0 4192       3       java.lang.CharacterDataLatin1::getPropertiesEx (11 bytes)
Event: 3.753 Thread 0x000002263303e6c0 nmethod 4192 0x000002261d6d4590 code [0x000002261d6d4720, 0x000002261d6d4858]
Event: 3.760 Thread 0x000002263303e6c0 4194       3       org.apache.maven.model.merge.ModelMerger::mergeDependencyManagement_Dependencies (26 bytes)
Event: 3.760 Thread 0x000002263303e6c0 nmethod 4194 0x000002261d6d4910 code [0x000002261d6d4b40, 0x000002261d6d5588]

GC Heap History (12 events):
Event: 0.682 GC heap before
{Heap before GC invocations=0 (full 0):
 garbage-first heap   total 131072K, used 22528K [0x0000000081c00000, 0x0000000100000000)
  region size 1024K, 23 young (23552K), 0 survivors (0K)
 Metaspace       used 5440K, committed 5632K, reserved 1114112K
  class space    used 618K, committed 704K, reserved 1048576K
}
Event: 0.687 GC heap after
{Heap after GC invocations=1 (full 0):
 garbage-first heap   total 131072K, used 3850K [0x0000000081c00000, 0x0000000100000000)
  region size 1024K, 3 young (3072K), 3 survivors (3072K)
 Metaspace       used 5440K, committed 5632K, reserved 1114112K
  class space    used 618K, committed 704K, reserved 1048576K
}
Event: 1.258 GC heap before
{Heap before GC invocations=1 (full 0):
 garbage-first heap   total 131072K, used 35594K [0x0000000081c00000, 0x0000000100000000)
  region size 1024K, 34 young (34816K), 3 survivors (3072K)
 Metaspace       used 10529K, committed 10816K, reserved 1114112K
  class space    used 1265K, committed 1408K, reserved 1048576K
}
Event: 1.264 GC heap after
{Heap after GC invocations=2 (full 0):
 garbage-first heap   total 131072K, used 5937K [0x0000000081c00000, 0x0000000100000000)
  region size 1024K, 3 young (3072K), 3 survivors (3072K)
 Metaspace       used 10529K, committed 10816K, reserved 1114112K
  class space    used 1265K, committed 1408K, reserved 1048576K
}
Event: 2.103 GC heap before
{Heap before GC invocations=2 (full 0):
 garbage-first heap   total 131072K, used 80689K [0x0000000081c00000, 0x0000000100000000)
  region size 1024K, 76 young (77824K), 3 survivors (3072K)
 Metaspace       used 13368K, committed 13632K, reserved 1114112K
  class space    used 1478K, committed 1600K, reserved 1048576K
}
Event: 2.117 GC heap after
{Heap after GC invocations=3 (full 0):
 garbage-first heap   total 131072K, used 13677K [0x0000000081c00000, 0x0000000100000000)
  region size 1024K, 10 young (10240K), 10 survivors (10240K)
 Metaspace       used 13368K, committed 13632K, reserved 1114112K
  class space    used 1478K, committed 1600K, reserved 1048576K
}
Event: 2.680 GC heap before
{Heap before GC invocations=3 (full 0):
 garbage-first heap   total 131072K, used 81261K [0x0000000081c00000, 0x0000000100000000)
  region size 1024K, 76 young (77824K), 10 survivors (10240K)
 Metaspace       used 13722K, committed 14016K, reserved 1114112K
  class space    used 1480K, committed 1600K, reserved 1048576K
}
Event: 2.707 GC heap after
{Heap after GC invocations=4 (full 0):
 garbage-first heap   total 131072K, used 27027K [0x0000000081c00000, 0x0000000100000000)
  region size 1024K, 10 young (10240K), 10 survivors (10240K)
 Metaspace       used 13722K, committed 14016K, reserved 1114112K
  class space    used 1480K, committed 1600K, reserved 1048576K
}
Event: 3.074 GC heap before
{Heap before GC invocations=4 (full 0):
 garbage-first heap   total 131072K, used 89491K [0x0000000081c00000, 0x0000000100000000)
  region size 1024K, 71 young (72704K), 10 survivors (10240K)
 Metaspace       used 13955K, committed 14208K, reserved 1114112K
  class space    used 1482K, committed 1600K, reserved 1048576K
}
Event: 3.101 GC heap after
{Heap after GC invocations=5 (full 0):
 garbage-first heap   total 131072K, used 36352K [0x0000000081c00000, 0x0000000100000000)
  region size 1024K, 9 young (9216K), 9 survivors (9216K)
 Metaspace       used 13955K, committed 14208K, reserved 1114112K
  class space    used 1482K, committed 1600K, reserved 1048576K
}
Event: 3.705 GC heap before
{Heap before GC invocations=5 (full 0):
 garbage-first heap   total 131072K, used 92672K [0x0000000081c00000, 0x0000000100000000)
  region size 1024K, 64 young (65536K), 9 survivors (9216K)
 Metaspace       used 15002K, committed 15360K, reserved 1114112K
  class space    used 1586K, committed 1728K, reserved 1048576K
}
Event: 3.724 GC heap after
{Heap after GC invocations=6 (full 0):
 garbage-first heap   total 174080K, used 42496K [0x0000000081c00000, 0x0000000100000000)
  region size 1024K, 6 young (6144K), 6 survivors (6144K)
 Metaspace       used 15002K, committed 15360K, reserved 1114112K
  class space    used 1586K, committed 1728K, reserved 1048576K
}

Deoptimization events (20 events):
Event: 3.574 Thread 0x0000022614ec18b0 Uncommon trap: trap_request=0xffffff54 fr.pc=0x00000226243e8e44 relative=0x0000000000000364
Event: 3.574 Thread 0x0000022614ec18b0 Uncommon trap: reason=speculate_null_assert action=make_not_entrant pc=0x00000226243e8e44 method=org.eclipse.sisu.inject.RankedBindings$Itr.hasNext()Z @ 80 c2
Event: 3.574 Thread 0x0000022614ec18b0 DEOPT PACKING pc=0x00000226243e8e44 sp=0x00000092467fdab0
Event: 3.574 Thread 0x0000022614ec18b0 DEOPT UNPACKING pc=0x000002261c8423a3 sp=0x00000092467fda18 mode 2
Event: 3.590 Thread 0x0000022614ec18b0 DEOPT PACKING pc=0x000002261cec6434 sp=0x00000092467f84d0
Event: 3.590 Thread 0x0000022614ec18b0 DEOPT UNPACKING pc=0x000002261c842b43 sp=0x00000092467f7908 mode 0
Event: 3.590 Thread 0x0000022614ec18b0 DEOPT PACKING pc=0x000002261cec604c sp=0x00000092467f8540
Event: 3.590 Thread 0x0000022614ec18b0 DEOPT UNPACKING pc=0x000002261c842b43 sp=0x00000092467f79e8 mode 0
Event: 3.601 Thread 0x0000022614ec18b0 Uncommon trap: trap_request=0xffffffde fr.pc=0x0000022624419a88 relative=0x0000000000001308
Event: 3.601 Thread 0x0000022614ec18b0 Uncommon trap: reason=class_check action=maybe_recompile pc=0x0000022624419a88 method=org.eclipse.sisu.wire.EntryListAdapter$ValueIterator.next()Ljava/lang/Object; @ 4 c2
Event: 3.601 Thread 0x0000022614ec18b0 DEOPT PACKING pc=0x0000022624419a88 sp=0x00000092467fdd70
Event: 3.601 Thread 0x0000022614ec18b0 DEOPT UNPACKING pc=0x000002261c8423a3 sp=0x00000092467fdda0 mode 2
Event: 3.663 Thread 0x0000022614ec18b0 Uncommon trap: trap_request=0xffffffde fr.pc=0x0000022624419a88 relative=0x0000000000001308
Event: 3.663 Thread 0x0000022614ec18b0 Uncommon trap: reason=class_check action=maybe_recompile pc=0x0000022624419a88 method=org.eclipse.sisu.wire.EntryListAdapter$ValueIterator.next()Ljava/lang/Object; @ 4 c2
Event: 3.663 Thread 0x0000022614ec18b0 DEOPT PACKING pc=0x0000022624419a88 sp=0x00000092467fdd70
Event: 3.663 Thread 0x0000022614ec18b0 DEOPT UNPACKING pc=0x000002261c8423a3 sp=0x00000092467fdda0 mode 2
Event: 3.725 Thread 0x0000022614ec18b0 Uncommon trap: trap_request=0xffffff45 fr.pc=0x0000022624470260 relative=0x0000000000000320
Event: 3.725 Thread 0x0000022614ec18b0 Uncommon trap: reason=unstable_if action=reinterpret pc=0x0000022624470260 method=java.util.WeakHashMap.expungeStaleEntries()V @ 9 c2
Event: 3.725 Thread 0x0000022614ec18b0 DEOPT PACKING pc=0x0000022624470260 sp=0x00000092467fcd50
Event: 3.725 Thread 0x0000022614ec18b0 DEOPT UNPACKING pc=0x000002261c8423a3 sp=0x00000092467fcc18 mode 2

Classes loaded (20 events):
Event: 2.851 Loading class sun/nio/cs/ISO_8859_1$Decoder
Event: 2.851 Loading class sun/nio/cs/ISO_8859_1$Decoder done
Event: 2.913 Loading class java/util/Collections$UnmodifiableList$1
Event: 2.913 Loading class java/util/Collections$UnmodifiableList$1 done
Event: 3.544 Loading class org/w3c/dom/Node
Event: 3.544 Loading class org/w3c/dom/Node done
Event: 3.544 Loading class javax/xml/parsers/ParserConfigurationException
Event: 3.544 Loading class javax/xml/parsers/ParserConfigurationException done
Event: 3.544 Loading class org/xml/sax/SAXException
Event: 3.544 Loading class org/xml/sax/SAXException done
Event: 3.544 Loading class org/w3c/dom/Document
Event: 3.544 Loading class org/w3c/dom/Document done
Event: 3.544 Loading class org/w3c/dom/Element
Event: 3.545 Loading class org/w3c/dom/Element done
Event: 3.562 Loading class java/io/FileWriter
Event: 3.562 Loading class java/io/FileWriter done
Event: 3.593 Loading class jdk/internal/reflect/MethodHandleBooleanFieldAccessorImpl
Event: 3.593 Loading class jdk/internal/reflect/MethodHandleBooleanFieldAccessorImpl done
Event: 3.614 Loading class sun/nio/cs/UTF_8$Encoder
Event: 3.615 Loading class sun/nio/cs/UTF_8$Encoder done

Classes unloaded (0 events):
No events

Classes redefined (0 events):
No events

Internal exceptions (20 events):
Event: 1.229 Thread 0x0000022614ec18b0 Exception <a 'java/lang/NoSuchMethodError'{0x0000000087a07478}: 'void java.lang.invoke.DirectMethodHandle$Holder.invokeStatic(java.lang.Object, java.lang.Object, int, java.lang.Object)'> (0x0000000087a07478) 
thrown [t:\workspace\open\src\hotspot\share\interpreter\linkResolver.cpp, line 766]
Event: 1.230 Thread 0x0000022614ec18b0 Exception <a 'java/lang/NoSuchMethodError'{0x0000000087a0f418}: 'void java.lang.invoke.DelegatingMethodHandle$Holder.delegate(java.lang.Object, java.lang.Object, int, java.lang.Object)'> (0x0000000087a0f418) 
thrown [t:\workspace\open\src\hotspot\share\interpreter\linkResolver.cpp, line 766]
Event: 1.230 Thread 0x0000022614ec18b0 Exception <a 'java/lang/NoSuchMethodError'{0x0000000087a13fe8}: 'int java.lang.invoke.DirectMethodHandle$Holder.invokeSpecial(java.lang.Object, java.lang.Object, java.lang.Object)'> (0x0000000087a13fe8) 
thrown [t:\workspace\open\src\hotspot\share\interpreter\linkResolver.cpp, line 766]
Event: 1.247 Thread 0x0000022614ec18b0 Exception <a 'java/lang/NoSuchMethodError'{0x0000000087a9edd8}: 'java.lang.Object java.lang.invoke.DirectMethodHandle$Holder.newInvokeSpecial(java.lang.Object, java.lang.Object, java.lang.Object, java.lang.Object, java.lang.Object, java.lang.Object, java.lang.Object)'> (0x0000000087a9edd8) 
thrown [t:\workspace\open\src\hotspot\share\interpreter\linkResolver.cpp, line 766]
Event: 1.255 Thread 0x0000022614ec18b0 Exception <a 'java/lang/NoSuchMethodError'{0x0000000087add580}: 'java.lang.Object java.lang.invoke.DirectMethodHandle$Holder.newInvokeSpecial(java.lang.Object, java.lang.Object, java.lang.Object, java.lang.Object, java.lang.Object, java.lang.Object, java.lang.Object, java.lang.Object, java.lang.Object)'> (0x0000000087add580) 
thrown [t:\workspace\open\src\hotspot\share\interpreter\linkResolver.cpp, line 766]
Event: 1.255 Thread 0x0000022614ec18b0 Exception <a 'java/lang/NoSuchMethodError'{0x0000000087ae3890}: 'java.lang.Object java.lang.invoke.DirectMethodHandle$Holder.invokeSpecial(java.lang.Object, java.lang.Object, java.lang.Object, java.lang.Object, java.lang.Object, java.lang.Object, java.lang.Object, java.lang.Object, java.lang.Object, java.lang.Object)'> (0x0000000087ae3890) 
thrown [t:\workspace\open\src\hotspot\share\interpreter\linkResolver.cpp, line 766]
Event: 1.279 Thread 0x0000022614ec18b0 Exception <a 'java/lang/NoSuchMethodError'{0x0000000089bd86f8}: 'java.lang.Object java.lang.invoke.DirectMethodHandle$Holder.newInvokeSpecial(java.lang.Object, java.lang.Object, java.lang.Object, java.lang.Object, java.lang.Object, java.lang.Object, java.lang.Object, java.lang.Object, java.lang.Object, java.lang.Object, java.lang.Object, java.lang.Object)'> (0x0000000089bd86f8) 
thrown [t:\workspace\open\src\hotspot\share\interpreter\linkResolver.cpp, line 766]
Event: 1.280 Thread 0x0000022614ec18b0 Exception <a 'java/lang/NoSuchMethodError'{0x0000000089bde828}: 'java.lang.Object java.lang.invoke.DirectMethodHandle$Holder.invokeSpecial(java.lang.Object, java.lang.Object, java.lang.Object, java.lang.Object, java.lang.Object, java.lang.Object, java.lang.Object, java.lang.Object, java.lang.Object, java.lang.Object, java.lang.Object, java.lang.Object, java.lang.Object)'> (0x0000000089bde828) 
thrown [t:\workspace\open\src\hotspot\share\interpreter\linkResolver.cpp, line 766]
Event: 1.296 Thread 0x0000022614ec18b0 Exception <a 'java/lang/NoSuchMethodError'{0x0000000089a49b80}: 'java.lang.Object java.lang.invoke.DirectMethodHandle$Holder.invokeStaticInit(java.lang.Object, int, int, int, int)'> (0x0000000089a49b80) 
thrown [t:\workspace\open\src\hotspot\share\interpreter\linkResolver.cpp, line 766]
Event: 1.428 Thread 0x0000022614ec18b0 Implicit null exception at 0x00000226242eea52 to 0x00000226242eef90
Event: 1.428 Thread 0x0000022614ec18b0 Implicit null exception at 0x00000226242fbb52 to 0x00000226242fc080
Event: 1.506 Thread 0x0000022614ec18b0 Exception <a 'java/lang/NoSuchMethodError'{0x000000008922a588}: 'void java.lang.invoke.DirectMethodHandle$Holder.invokeVirtual(java.lang.Object, java.lang.Object, int)'> (0x000000008922a588) 
thrown [t:\workspace\open\src\hotspot\share\interpreter\linkResolver.cpp, line 766]
Event: 1.507 Thread 0x0000022614ec18b0 Exception <a 'java/lang/NoSuchMethodError'{0x000000008922ea28}: 'int java.lang.invoke.DirectMethodHandle$Holder.invokeSpecial(java.lang.Object, java.lang.Object, java.lang.Object, int)'> (0x000000008922ea28) 
thrown [t:\workspace\open\src\hotspot\share\interpreter\linkResolver.cpp, line 766]
Event: 1.508 Thread 0x0000022614ec18b0 Exception <a 'java/lang/NoSuchMethodError'{0x0000000089241670}: 'java.lang.Object java.lang.invoke.DirectMethodHandle$Holder.invokeStatic(java.lang.Object, java.lang.Object, java.lang.Object, java.lang.Object, int)'> (0x0000000089241670) 
thrown [t:\workspace\open\src\hotspot\share\interpreter\linkResolver.cpp, line 766]
Event: 1.509 Thread 0x0000022614ec18b0 Exception <a 'java/lang/NoSuchMethodError'{0x000000008924cfb0}: 'void java.lang.invoke.DelegatingMethodHandle$Holder.reinvoke_L(java.lang.Object, java.lang.Object, int)'> (0x000000008924cfb0) 
thrown [t:\workspace\open\src\hotspot\share\interpreter\linkResolver.cpp, line 766]
Event: 3.288 Thread 0x0000022614ec18b0 Implicit null exception at 0x0000022624348b0f to 0x0000022624348d60
Event: 3.288 Thread 0x0000022614ec18b0 Implicit null exception at 0x0000022624330b0f to 0x0000022624330d20
Event: 3.288 Thread 0x0000022614ec18b0 Implicit null exception at 0x000002262433ff8f to 0x0000022624340009
Event: 3.353 Thread 0x0000022614ec18b0 Implicit null exception at 0x0000022624478fa8 to 0x000002262447a1c0
Event: 3.594 Thread 0x0000022614ec18b0 Exception <a 'java/lang/NoSuchMethodError'{0x0000000086b1be68}: 'void java.lang.invoke.Invokers$Holder.invokeExact_MT(java.lang.Object, java.lang.Object, int, java.lang.Object)'> (0x0000000086b1be68) 
thrown [t:\workspace\open\src\hotspot\share\interpreter\linkResolver.cpp, line 766]

VM Operations (20 events):
Event: 1.612 Executing VM operation: ICBufferFull
Event: 1.612 Executing VM operation: ICBufferFull done
Event: 1.850 Executing VM operation: HandshakeAllThreads
Event: 1.850 Executing VM operation: HandshakeAllThreads done
Event: 1.903 Executing VM operation: ICBufferFull
Event: 1.903 Executing VM operation: ICBufferFull done
Event: 2.103 Executing VM operation: G1CollectForAllocation
Event: 2.118 Executing VM operation: G1CollectForAllocation done
Event: 2.537 Executing VM operation: HandshakeAllThreads
Event: 2.537 Executing VM operation: HandshakeAllThreads done
Event: 2.680 Executing VM operation: G1CollectForAllocation
Event: 2.707 Executing VM operation: G1CollectForAllocation done
Event: 3.074 Executing VM operation: G1CollectForAllocation
Event: 3.101 Executing VM operation: G1CollectForAllocation done
Event: 3.481 Executing VM operation: ICBufferFull
Event: 3.481 Executing VM operation: ICBufferFull done
Event: 3.590 Executing VM operation: HandshakeAllThreads
Event: 3.590 Executing VM operation: HandshakeAllThreads done
Event: 3.705 Executing VM operation: G1CollectForAllocation
Event: 3.724 Executing VM operation: G1CollectForAllocation done

Events (20 events):
Event: 0.017 Thread 0x000002263301bc70 Thread added: 0x000002263301bc70
Event: 0.017 Thread 0x000002263301c8d0 Thread added: 0x000002263301c8d0
Event: 0.054 Thread 0x0000022633039a90 Thread added: 0x0000022633039a90
Event: 0.054 Thread 0x000002263303a340 Thread added: 0x000002263303a340
Event: 0.054 Thread 0x000002263303ace0 Thread added: 0x000002263303ace0
Event: 0.054 Thread 0x000002263303be20 Thread added: 0x000002263303be20
Event: 0.054 Thread 0x000002263303d1a0 Thread added: 0x000002263303d1a0
Event: 0.054 Thread 0x000002263303e6c0 Thread added: 0x000002263303e6c0
Event: 0.054 Thread 0x000002263303f840 Thread added: 0x000002263303f840
Event: 0.066 Thread 0x0000022637492a30 Thread added: 0x0000022637492a30
Event: 0.068 Thread 0x000002263749c760 Thread added: 0x000002263749c760
Event: 0.071 Loaded shared library E:\Programs\Java\jdk18\bin\net.dll
Event: 0.072 Loaded shared library E:\Programs\Java\jdk18\bin\nio.dll
Event: 0.116 Loaded shared library E:\Programs\Java\jdk18\bin\zip.dll
Event: 0.118 Loaded shared library E:\Programs\Java\jdk18\bin\verify.dll
Event: 0.121 Loaded shared library E:\Programs\Java\jdk18\bin\jimage.dll
Event: 0.319 Loaded shared library C:\Users\hasha\AppData\Local\Temp\jansi-2.3.4-bdef722446e13c7a-jansi.dll
Event: 0.404 Thread 0x00000226378e8ce0 Thread added: 0x00000226378e8ce0
Event: 2.281 Thread 0x00000226378e8ce0 Thread exited: 0x00000226378e8ce0
Event: 2.346 Thread 0x0000022638303070 Thread added: 0x0000022638303070


Dynamic libraries:
0x00007ff6c5cd0000 - 0x00007ff6c5ce0000 	E:\Programs\Java\jdk18\bin\java.exe
0x00007ffb53f20000 - 0x00007ffb54129000 	C:\WINDOWS\SYSTEM32\ntdll.dll
0x00007ffb52810000 - 0x00007ffb528cd000 	C:\WINDOWS\System32\KERNEL32.DLL
0x00007ffb51570000 - 0x00007ffb518e4000 	C:\WINDOWS\System32\KERNELBASE.dll
0x00007ffb51bd0000 - 0x00007ffb51ce1000 	C:\WINDOWS\System32\ucrtbase.dll
0x00007ffb4d600000 - 0x00007ffb4d618000 	E:\Programs\Java\jdk18\bin\jli.dll
0x00007ffb3f920000 - 0x00007ffb3f93a000 	E:\Programs\Java\jdk18\bin\VCRUNTIME140.dll
0x00007ffb52e80000 - 0x00007ffb52f2e000 	C:\WINDOWS\System32\ADVAPI32.dll
0x00007ffb534a0000 - 0x00007ffb53543000 	C:\WINDOWS\System32\msvcrt.dll
0x00007ffb51fa0000 - 0x00007ffb5203e000 	C:\WINDOWS\System32\sechost.dll
0x00007ffb53b80000 - 0x00007ffb53ca0000 	C:\WINDOWS\System32\RPCRT4.dll
0x00007ffb53d00000 - 0x00007ffb53eac000 	C:\WINDOWS\System32\USER32.dll
0x00007ffb38bd0000 - 0x00007ffb38e75000 	C:\WINDOWS\WinSxS\amd64_microsoft.windows.common-controls_6595b64144ccf1df_6.0.22000.120_none_9d947278b86cc467\COMCTL32.dll
0x00007ffb51a60000 - 0x00007ffb51a86000 	C:\WINDOWS\System32\win32u.dll
0x00007ffb53a20000 - 0x00007ffb53a49000 	C:\WINDOWS\System32\GDI32.dll
0x00007ffb51450000 - 0x00007ffb51562000 	C:\WINDOWS\System32\gdi32full.dll
0x00007ffb4b6f0000 - 0x00007ffb4b6fa000 	C:\WINDOWS\SYSTEM32\VERSION.dll
0x00007ffb51cf0000 - 0x00007ffb51d8d000 	C:\WINDOWS\System32\msvcp_win.dll
0x00007ffb53cc0000 - 0x00007ffb53cf1000 	C:\WINDOWS\System32\IMM32.DLL
0x00007ffb4a200000 - 0x00007ffb4a20c000 	E:\Programs\Java\jdk18\bin\vcruntime140_1.dll
0x00007ffb2fd40000 - 0x00007ffb2fdcd000 	E:\Programs\Java\jdk18\bin\msvcp140.dll
0x00007ffb093c0000 - 0x00007ffb09fd1000 	E:\Programs\Java\jdk18\bin\server\jvm.dll
0x00007ffb51f90000 - 0x00007ffb51f98000 	C:\WINDOWS\System32\PSAPI.DLL
0x00007ffb3e100000 - 0x00007ffb3e109000 	C:\WINDOWS\SYSTEM32\WSOCK32.dll
0x00007ffb4bca0000 - 0x00007ffb4bcd3000 	C:\WINDOWS\SYSTEM32\WINMM.dll
0x00007ffb53430000 - 0x00007ffb5349f000 	C:\WINDOWS\System32\WS2_32.dll
0x00007ffb50590000 - 0x00007ffb505a8000 	C:\WINDOWS\SYSTEM32\kernel.appcore.dll
0x00007ffb4a140000 - 0x00007ffb4a14a000 	E:\Programs\Java\jdk18\bin\jimage.dll
0x00007ffb4e670000 - 0x00007ffb4e891000 	C:\WINDOWS\SYSTEM32\DBGHELP.DLL
0x00007ffb4a0e0000 - 0x00007ffb4a111000 	C:\WINDOWS\SYSTEM32\dbgcore.DLL
0x00007ffb51b50000 - 0x00007ffb51bcf000 	C:\WINDOWS\System32\bcryptPrimitives.dll
0x00007ffb3f8f0000 - 0x00007ffb3f915000 	E:\Programs\Java\jdk18\bin\java.dll
0x00007ffb1bae0000 - 0x00007ffb1bbb6000 	E:\Programs\Java\jdk18\bin\jsvml.dll
0x00007ffb52040000 - 0x00007ffb527ef000 	C:\WINDOWS\System32\SHELL32.dll
0x00007ffb4f520000 - 0x00007ffb4fd88000 	C:\WINDOWS\SYSTEM32\windows.storage.dll
0x00007ffb528d0000 - 0x00007ffb52c48000 	C:\WINDOWS\System32\combase.dll
0x00007ffb4f3b0000 - 0x00007ffb4f516000 	C:\WINDOWS\SYSTEM32\wintypes.dll
0x00007ffb53210000 - 0x00007ffb532fa000 	C:\WINDOWS\System32\SHCORE.dll
0x00007ffb52c50000 - 0x00007ffb52cad000 	C:\WINDOWS\System32\shlwapi.dll
0x00007ffb51310000 - 0x00007ffb51331000 	C:\WINDOWS\SYSTEM32\profapi.dll
0x00007ffb3e3a0000 - 0x00007ffb3e3b3000 	E:\Programs\Java\jdk18\bin\net.dll
0x00007ffb4c210000 - 0x00007ffb4c31c000 	C:\WINDOWS\SYSTEM32\WINHTTP.dll
0x00007ffb509e0000 - 0x00007ffb50a47000 	C:\WINDOWS\system32\mswsock.dll
0x00007ffb3e1c0000 - 0x00007ffb3e1d6000 	E:\Programs\Java\jdk18\bin\nio.dll
0x00007ffb3c5f0000 - 0x00007ffb3c608000 	E:\Programs\Java\jdk18\bin\zip.dll
0x00007ffb3f830000 - 0x00007ffb3f840000 	E:\Programs\Java\jdk18\bin\verify.dll
0x0000000069ac0000 - 0x0000000069ae4000 	C:\Users\hasha\AppData\Local\Temp\jansi-2.3.4-bdef722446e13c7a-jansi.dll

dbghelp: loaded successfully - version: 4.0.5 - missing functions: none
symbol engine: initialized successfully - sym options: 0x614 - pdb path: .;E:\Programs\Java\jdk18\bin;C:\WINDOWS\SYSTEM32;C:\WINDOWS\WinSxS\amd64_microsoft.windows.common-controls_6595b64144ccf1df_6.0.22000.120_none_9d947278b86cc467;E:\Programs\Java\jdk18\bin\server;C:\Users\hasha\AppData\Local\Temp

VM Arguments:
jvm_args: -Dmaven.multiModuleProjectDirectory=D:\NAGP\nagp-microservices-assignment1-master\api-gateway 
java_command: org.apache.maven.wrapper.MavenWrapperMain package
java_class_path (initial): D:\NAGP\nagp-microservices-assignment1-master\api-gateway\.mvn\wrapper\maven-wrapper.jar
Launcher Type: SUN_STANDARD

[Global flags]
     intx CICompilerCount                          = 4                                         {product} {ergonomic}
     uint ConcGCThreads                            = 2                                         {product} {ergonomic}
     uint G1ConcRefinementThreads                  = 8                                         {product} {ergonomic}
   size_t G1HeapRegionSize                         = 1048576                                   {product} {ergonomic}
    uintx GCDrainStackTargetSize                   = 64                                        {product} {ergonomic}
   size_t InitialHeapSize                          = 134217728                                 {product} {ergonomic}
   size_t MarkStackSize                            = 4194304                                   {product} {ergonomic}
   size_t MaxHeapSize                              = 2118123520                                {product} {ergonomic}
   size_t MaxNewSize                               = 1270874112                                {product} {ergonomic}
   size_t MinHeapDeltaBytes                        = 1048576                                   {product} {ergonomic}
   size_t MinHeapSize                              = 8388608                                   {product} {ergonomic}
    uintx NonNMethodCodeHeapSize                   = 5839372                                {pd product} {ergonomic}
    uintx NonProfiledCodeHeapSize                  = 122909434                              {pd product} {ergonomic}
    uintx ProfiledCodeHeapSize                     = 122909434                              {pd product} {ergonomic}
    uintx ReservedCodeCacheSize                    = 251658240                              {pd product} {ergonomic}
     bool SegmentedCodeCache                       = true                                      {product} {ergonomic}
   size_t SoftMaxHeapSize                          = 2118123520                             {manageable} {ergonomic}
     bool UseCompressedClassPointers               = true                           {product lp64_product} {ergonomic}
     bool UseCompressedOops                        = true                           {product lp64_product} {ergonomic}
     bool UseG1GC                                  = true                                      {product} {ergonomic}
     bool UseLargePagesIndividualAllocation        = false                                  {pd product} {ergonomic}

Logging:
Log output configuration:
 #0: stdout all=warning uptime,level,tags foldmultilines=false
 #1: stderr all=off uptime,level,tags foldmultilines=false

Environment Variables:
JAVA_HOME=E:\Programs\Java\jdk18
PATH=C:\Program Files\Common Files\Oracle\Java\javapath;C:\Program Files (x86)\Intel\iCLS Client\;C:\Program Files\Intel\iCLS Client\;C:\Windows\system32;C:\Windows;C:\Windows\System32\Wbem;C:\Windows\System32\WindowsPowerShell\v1.0\;C:\Windows\System32\OpenSSH\;C:\Program Files (x86)\Intel\Intel(R) Management Engine Components\DAL;C:\Program Files\Intel\Intel(R) Management Engine Components\DAL;C:\Program Files (x86)\Intel\Intel(R) Management Engine Components\IPT;C:\Program Files\Intel\Intel(R) Management Engine Components\IPT;C:\Program Files (x86)\NVIDIA Corporation\PhysX\Common;C:\Program Files\Intel\WiFi\bin\;C:\Program Files\Common Files\Intel\WirelessCommon\;E:\Programs\node\;E:\Programs\Git\cmd;C:\WINDOWS\system32;C:\WINDOWS;C:\WINDOWS\System32\Wbem;C:\WINDOWS\System32\WindowsPowerShell\v1.0\;C:\WINDOWS\System32\OpenSSH\;E:\Programs\apache-maven-3.8.5\bin;;C:\Program Files\Docker\Docker\resources\bin;C:\ProgramData\DockerDesktop\version-bin;C:\Users\hasha\AppData\Local\Microsoft\WindowsApps;;E:\Programs\Microsoft VS Code\bin;C:\Users\hasha\AppData\Roaming\npm;E:\Programs\IntelliJ IDEA 2022.1\bin;
USERNAME=hasha
OS=Windows_NT
PROCESSOR_IDENTIFIER=Intel64 Family 6 Model 142 Stepping 10, GenuineIntel



---------------  S Y S T E M  ---------------

OS:
 Windows 11 , 64 bit Build 22000 (10.0.22000.613)
OS uptime: 3 days 6:05 hours
Hyper-V role detected

CPU: total 8 (initial active 8) (4 cores per cpu, 2 threads per core) family 6 model 142 stepping 10 microcode 0xe0, cx8, cmov, fxsr, ht, mmx, 3dnowpref, sse, sse2, sse3, ssse3, sse4.1, sse4.2, popcnt, lzcnt, tsc, tscinvbit, avx, avx2, aes, erms, clmul, bmi1, bmi2, adx, fma, vzeroupper, clflush, clflushopt, hv

Memory: 4k page, system-wide physical 8074M (367M free)
TotalPageFile size 22235M (AvailPageFile size 5M)
current process WorkingSet (physical memory assigned to process): 230M, peak: 230M
current process commit charge ("private bytes"): 313M, peak: 314M

vm_info: Java HotSpot(TM) 64-Bit Server VM (18+36-2087) for windows-amd64 JRE (18+36-2087), built on Feb 15 2022 09:43:11 by "mach5one" with MS VC++ 16.8 / 16.9 (VS2019)

END.
