#
# There is insufficient memory for the Java Runtime Environment to continue.
# Native memory allocation (mmap) failed to map 46137344 bytes for G1 virtual space
# Possible reasons:
#   The system is out of physical RAM or swap space
#   The process is running with CompressedOops enabled, and the Java Heap may be blocking the growth of the native heap
# Possible solutions:
#   Reduce memory load on the system
#   Increase physical memory or swap space
#   Check if swap backing store is full
#   Decrease Java heap size (-Xmx/-Xms)
#   Decrease number of Java threads
#   Decrease Java thread stack sizes (-Xss)
#   Set larger code cache with -XX:ReservedCodeCacheSize=
#   JVM is running with Unscaled Compressed Oops mode in which the Java heap is
#     placed in the first 4GB address space. The Java Heap base address is the
#     maximum limit for the native heap growth. Please use -XX:HeapBaseMinAddress
#     to set the Java Heap base and to place the Java Heap above 4GB virtual address.
# This output file may be truncated or incomplete.
#
#  Out of Memory Error (os_windows.cpp:3530), pid=10548, tid=13828
#
# JRE version: Java(TM) SE Runtime Environment (18.0+36) (build 18+36-2087)
# Java VM: Java HotSpot(TM) 64-Bit Server VM (18+36-2087, mixed mode, sharing, tiered, compressed oops, compressed class ptrs, g1 gc, windows-amd64)
# No core dump will be written. Minidumps are not enabled by default on client versions of Windows
#

---------------  S U M M A R Y ------------

Command Line: -Dmaven.multiModuleProjectDirectory=D:\NAGP\nagp-microservices-assignment1-master\api-gateway org.apache.maven.wrapper.MavenWrapperMain package

Host: Intel(R) Core(TM) i5-8250U CPU @ 1.60GHz, 8 cores, 7G,  Windows 11 , 64 bit Build 22000 (10.0.22000.613)
Time: Wed Apr 20 22:19:45 2022 Sri Lanka Standard Time elapsed time: 3.909243 seconds (0d 0h 0m 3s)

---------------  T H R E A D  ---------------

Current thread (0x0000019573a5ed00):  VMThread "VM Thread" [stack: 0x0000005a14700000,0x0000005a14800000] [id=13828]

Stack: [0x0000005a14700000,0x0000005a14800000]
Native frames: (J=compiled Java code, j=interpreted, Vv=VM code, C=native code)
V  [jvm.dll+0x69804a]
V  [jvm.dll+0x7f308d]
V  [jvm.dll+0x7f499e]
V  [jvm.dll+0x7f5053]
V  [jvm.dll+0x25ca3f]
V  [jvm.dll+0x694f99]
V  [jvm.dll+0x689aca]
V  [jvm.dll+0x321efb]
V  [jvm.dll+0x3298d6]
V  [jvm.dll+0x37e47e]
V  [jvm.dll+0x37e6af]
V  [jvm.dll+0x2f9c7a]
V  [jvm.dll+0x2f9d27]
V  [jvm.dll+0x33e262]
V  [jvm.dll+0x33c804]
V  [jvm.dll+0x2f9450]
V  [jvm.dll+0x33bddb]
V  [jvm.dll+0x7f9e3b]
V  [jvm.dll+0x7fabd4]
V  [jvm.dll+0x7fb10c]
V  [jvm.dll+0x7fb564]
V  [jvm.dll+0x7fb627]
V  [jvm.dll+0x79fbba]
V  [jvm.dll+0x696ef5]
C  [ucrtbase.dll+0x26c0c]
C  [KERNEL32.DLL+0x154e0]
C  [ntdll.dll+0x485b]

VM_Operation (0x0000005a141fc200): G1CollectForAllocation, mode: safepoint, requested by thread 0x00000195739e18c0


---------------  P R O C E S S  ---------------

Threads class SMR info:
_java_thread_list=0x00000195172128f0, length=13, elements={
0x00000195739e18c0, 0x000001957eb90870, 0x000001957eb91ce0, 0x000001957ebac640,
0x000001957ebacef0, 0x000001957ebad890, 0x000001957ebb8250, 0x000001957ebdcc40,
0x000001957ebdd620, 0x000001957ebe9b00, 0x00000195171bc2d0, 0x00000195171c0a20,
0x000001951724c690
}

Java Threads: ( => current thread )
  0x00000195739e18c0 JavaThread "main" [_thread_blocked, id=15992, stack(0x0000005a14100000,0x0000005a14200000)]
  0x000001957eb90870 JavaThread "Reference Handler" daemon [_thread_blocked, id=9856, stack(0x0000005a14800000,0x0000005a14900000)]
  0x000001957eb91ce0 JavaThread "Finalizer" daemon [_thread_blocked, id=532, stack(0x0000005a14900000,0x0000005a14a00000)]
  0x000001957ebac640 JavaThread "Signal Dispatcher" daemon [_thread_blocked, id=16316, stack(0x0000005a14a00000,0x0000005a14b00000)]
  0x000001957ebacef0 JavaThread "Attach Listener" daemon [_thread_blocked, id=10336, stack(0x0000005a14b00000,0x0000005a14c00000)]
  0x000001957ebad890 JavaThread "Service Thread" daemon [_thread_blocked, id=11936, stack(0x0000005a14c00000,0x0000005a14d00000)]
  0x000001957ebb8250 JavaThread "Monitor Deflation Thread" daemon [_thread_blocked, id=17176, stack(0x0000005a14d00000,0x0000005a14e00000)]
  0x000001957ebdcc40 JavaThread "C2 CompilerThread0" daemon [_thread_blocked, id=11492, stack(0x0000005a14e00000,0x0000005a14f00000)]
  0x000001957ebdd620 JavaThread "C1 CompilerThread0" daemon [_thread_blocked, id=10088, stack(0x0000005a14f00000,0x0000005a15000000)]
  0x000001957ebe9b00 JavaThread "Sweeper thread" daemon [_thread_blocked, id=8728, stack(0x0000005a15000000,0x0000005a15100000)]
  0x00000195171bc2d0 JavaThread "Notification Thread" daemon [_thread_blocked, id=21008, stack(0x0000005a15100000,0x0000005a15200000)]
  0x00000195171c0a20 JavaThread "Common-Cleaner" daemon [_thread_blocked, id=18284, stack(0x0000005a15300000,0x0000005a15400000)]
  0x000001951724c690 JavaThread "C2 CompilerThread1" daemon [_thread_blocked, id=8940, stack(0x0000005a15400000,0x0000005a15500000)]

Other Threads:
=>0x0000019573a5ed00 VMThread "VM Thread" [stack: 0x0000005a14700000,0x0000005a14800000] [id=13828]
  0x00000195171be7a0 WatcherThread "VM Periodic Task Thread" [stack: 0x0000005a15200000,0x0000005a15300000] [id=17228]
  0x0000019573a427b0 WorkerThread "GC Thread#0" [stack: 0x0000005a14200000,0x0000005a14300000] [id=5764]
  0x0000019517850aa0 WorkerThread "GC Thread#1" [stack: 0x0000005a15500000,0x0000005a15600000] [id=18812]
  0x0000019517356d70 WorkerThread "GC Thread#2" [stack: 0x0000005a15600000,0x0000005a15700000] [id=16720]
  0x0000019517ed9e50 WorkerThread "GC Thread#3" [stack: 0x0000005a15700000,0x0000005a15800000] [id=6272]
  0x0000019517d5cae0 WorkerThread "GC Thread#4" [stack: 0x0000005a15800000,0x0000005a15900000] [id=20600]
  0x0000019517ff4c50 WorkerThread "GC Thread#5" [stack: 0x0000005a15900000,0x0000005a15a00000] [id=21012]
  0x0000019517eabb40 WorkerThread "GC Thread#6" [stack: 0x0000005a15a00000,0x0000005a15b00000] [id=20620]
  0x0000019517eace10 WorkerThread "GC Thread#7" [stack: 0x0000005a15b00000,0x0000005a15c00000] [id=632]
  0x0000019573a53360 ConcurrentGCThread "G1 Main Marker" [stack: 0x0000005a14300000,0x0000005a14400000] [id=19516]
  0x0000019573a53d50 WorkerThread "G1 Conc#0" [stack: 0x0000005a14400000,0x0000005a14500000] [id=21196]
  0x0000019573aa7b80 ConcurrentGCThread "G1 Refine#0" [stack: 0x0000005a14500000,0x0000005a14600000] [id=5408]
  0x00000195186c1e80 ConcurrentGCThread "G1 Refine#1" [stack: 0x0000005a15c00000,0x0000005a15d00000] [id=14948]
  0x00000195182bbfe0 ConcurrentGCThread "G1 Refine#2" [stack: 0x0000005a15d00000,0x0000005a15e00000] [id=892]
  0x0000019573aa8490 ConcurrentGCThread "G1 Service" [stack: 0x0000005a14600000,0x0000005a14700000] [id=12840]

Threads with active compile tasks:
C2 CompilerThread0     4005 4246       4       org.eclipse.sisu.inject.LocatedBeans$Itr::hasNext (161 bytes)
C2 CompilerThread1     4005 4249       4       org.apache.maven.model.interpolation.StringVisitorModelInterpolator$ModelVisitor::visit (55 bytes)

VM state: at safepoint (normal execution)

VM Mutex/Monitor currently owned by a thread:  ([mutex/lock_event])
[0x00000195739dcf40] Threads_lock - owner thread: 0x0000019573a5ed00
[0x00000195739dc760] Heap_lock - owner thread: 0x00000195739e18c0

Heap address: 0x0000000081c00000, size: 2020 MB, Compressed Oops mode: 32-bit

CDS archive(s) mapped at: [0x0000000800000000-0x0000000800ba0000-0x0000000800ba0000), size 12189696, SharedBaseAddress: 0x0000000800000000, ArchiveRelocationMode: 0.
Compressed class space mapped at: 0x0000000800c00000-0x0000000840c00000, reserved size: 1073741824
Narrow klass base: 0x0000000800000000, Narrow klass shift: 0, Narrow klass range: 0x100000000

GC Precious Log:
 CardTable entry size: 512
 Card Set container configuration: InlinePtr #cards 5 size 8 Array Of Cards #cards 12 size 40 Howl #buckets 4 coarsen threshold 1843 Howl Bitmap #cards 512 size 80 coarsen threshold 460 Card regions per heap region 1 cards per card region 2048
 CPUs: 8 total, 8 available
 Memory: 8074M
 Large Page Support: Disabled
 NUMA Support: Disabled
 Compressed Oops: Enabled (32-bit)
 Heap Region Size: 1M
 Heap Min Capacity: 8M
 Heap Initial Capacity: 128M
 Heap Max Capacity: 2020M
 Pre-touch: Disabled
 Parallel Workers: 8
 Concurrent Workers: 2
 Concurrent Refinement Workers: 8
 Periodic GC: Disabled

Heap:
 garbage-first heap   total 131072K, used 41984K [0x0000000081c00000, 0x0000000100000000)
  region size 1024K, 6 young (6144K), 6 survivors (6144K)
 Metaspace       used 15039K, committed 15360K, reserved 1114112K
  class space    used 1590K, committed 1728K, reserved 1048576K

Heap Regions: E=young(eden), S=young(survivor), O=old, HS=humongous(starts), HC=humongous(continues), CS=collection set, F=free, OA=open archive, CA=closed archive, TAMS=top-at-mark-start (previous, next)
|   0|0x0000000081c00000, 0x0000000081d00000, 0x0000000081d00000|100%| O|  |TAMS 0x0000000081c00000, 0x0000000081c00000| Untracked 
|   1|0x0000000081d00000, 0x0000000081e00000, 0x0000000081e00000|100%| O|  |TAMS 0x0000000081d00000, 0x0000000081d00000| Untracked 
|   2|0x0000000081e00000, 0x0000000081f00000, 0x0000000081f00000|100%| O|  |TAMS 0x0000000081e00000, 0x0000000081e00000| Untracked 
|   3|0x0000000081f00000, 0x0000000082000000, 0x0000000082000000|100%| O|  |TAMS 0x0000000081f00000, 0x0000000081f00000| Untracked 
|   4|0x0000000082000000, 0x0000000082100000, 0x0000000082100000|100%| O|  |TAMS 0x0000000082000000, 0x0000000082000000| Untracked 
|   5|0x0000000082100000, 0x0000000082200000, 0x0000000082200000|100%| O|  |TAMS 0x0000000082100000, 0x0000000082100000| Untracked 
|   6|0x0000000082200000, 0x0000000082300000, 0x0000000082300000|100%| O|  |TAMS 0x0000000082200000, 0x0000000082200000| Untracked 
|   7|0x0000000082300000, 0x0000000082400000, 0x0000000082400000|100%| O|  |TAMS 0x0000000082300000, 0x0000000082300000| Untracked 
|   8|0x0000000082400000, 0x0000000082500000, 0x0000000082500000|100%| O|  |TAMS 0x0000000082400000, 0x0000000082400000| Untracked 
|   9|0x0000000082500000, 0x0000000082600000, 0x0000000082600000|100%| O|  |TAMS 0x0000000082500000, 0x0000000082500000| Untracked 
|  10|0x0000000082600000, 0x0000000082700000, 0x0000000082700000|100%| O|  |TAMS 0x0000000082600000, 0x0000000082600000| Untracked 
|  11|0x0000000082700000, 0x0000000082800000, 0x0000000082800000|100%| O|  |TAMS 0x0000000082700000, 0x0000000082700000| Untracked 
|  12|0x0000000082800000, 0x0000000082900000, 0x0000000082900000|100%| O|  |TAMS 0x0000000082800000, 0x0000000082800000| Untracked 
|  13|0x0000000082900000, 0x0000000082a00000, 0x0000000082a00000|100%| O|  |TAMS 0x0000000082900000, 0x0000000082900000| Untracked 
|  14|0x0000000082a00000, 0x0000000082b00000, 0x0000000082b00000|100%| O|  |TAMS 0x0000000082a00000, 0x0000000082a00000| Untracked 
|  15|0x0000000082b00000, 0x0000000082c00000, 0x0000000082c00000|100%| O|  |TAMS 0x0000000082b00000, 0x0000000082b00000| Untracked 
|  16|0x0000000082c00000, 0x0000000082d00000, 0x0000000082d00000|100%| O|  |TAMS 0x0000000082c00000, 0x0000000082c00000| Untracked 
|  17|0x0000000082d00000, 0x0000000082e00000, 0x0000000082e00000|100%| O|  |TAMS 0x0000000082d00000, 0x0000000082d00000| Untracked 
|  18|0x0000000082e00000, 0x0000000082f00000, 0x0000000082f00000|100%| O|  |TAMS 0x0000000082e00000, 0x0000000082e00000| Untracked 
|  19|0x0000000082f00000, 0x0000000083000000, 0x0000000083000000|100%| O|  |TAMS 0x0000000082f00000, 0x0000000082f00000| Untracked 
|  20|0x0000000083000000, 0x0000000083100000, 0x0000000083100000|100%| O|  |TAMS 0x0000000083000000, 0x0000000083000000| Untracked 
|  21|0x0000000083100000, 0x0000000083200000, 0x0000000083200000|100%| O|  |TAMS 0x0000000083100000, 0x0000000083100000| Untracked 
|  22|0x0000000083200000, 0x0000000083300000, 0x0000000083300000|100%| O|  |TAMS 0x0000000083200000, 0x0000000083200000| Untracked 
|  23|0x0000000083300000, 0x0000000083400000, 0x0000000083400000|100%| O|  |TAMS 0x0000000083300000, 0x0000000083300000| Untracked 
|  24|0x0000000083400000, 0x0000000083500000, 0x0000000083500000|100%| O|  |TAMS 0x0000000083400000, 0x0000000083400000| Untracked 
|  25|0x0000000083500000, 0x0000000083600000, 0x0000000083600000|100%| O|  |TAMS 0x0000000083500000, 0x0000000083500000| Untracked 
|  26|0x0000000083600000, 0x0000000083700000, 0x0000000083700000|100%| O|  |TAMS 0x0000000083600000, 0x0000000083600000| Untracked 
|  27|0x0000000083700000, 0x0000000083800000, 0x0000000083800000|100%| O|  |TAMS 0x0000000083700000, 0x0000000083700000| Untracked 
|  28|0x0000000083800000, 0x0000000083900000, 0x0000000083900000|100%| O|  |TAMS 0x0000000083800000, 0x0000000083800000| Untracked 
|  29|0x0000000083900000, 0x0000000083a00000, 0x0000000083a00000|100%| O|  |TAMS 0x0000000083900000, 0x0000000083900000| Untracked 
|  30|0x0000000083a00000, 0x0000000083b00000, 0x0000000083b00000|100%| O|  |TAMS 0x0000000083a00000, 0x0000000083a00000| Untracked 
|  31|0x0000000083b00000, 0x0000000083c00000, 0x0000000083c00000|100%| O|  |TAMS 0x0000000083b00000, 0x0000000083b00000| Untracked 
|  32|0x0000000083c00000, 0x0000000083d00000, 0x0000000083d00000|100%| O|  |TAMS 0x0000000083c00000, 0x0000000083c00000| Untracked 
|  33|0x0000000083d00000, 0x0000000083e00000, 0x0000000083e00000|100%| O|  |TAMS 0x0000000083d00000, 0x0000000083d00000| Untracked 
|  34|0x0000000083e00000, 0x0000000083f00000, 0x0000000083f00000|100%| O|  |TAMS 0x0000000083e00000, 0x0000000083e00000| Untracked 
|  35|0x0000000083f00000, 0x0000000083f80000, 0x0000000084000000| 50%| O|  |TAMS 0x0000000083f00000, 0x0000000083f00000| Untracked 
|  36|0x0000000084000000, 0x0000000084000000, 0x0000000084100000|  0%| F|  |TAMS 0x0000000084000000, 0x0000000084000000| Untracked 
|  37|0x0000000084100000, 0x0000000084100000, 0x0000000084200000|  0%| F|  |TAMS 0x0000000084100000, 0x0000000084100000| Untracked 
|  38|0x0000000084200000, 0x0000000084200000, 0x0000000084300000|  0%| F|  |TAMS 0x0000000084200000, 0x0000000084200000| Untracked 
|  39|0x0000000084300000, 0x0000000084300000, 0x0000000084400000|  0%| F|  |TAMS 0x0000000084300000, 0x0000000084300000| Untracked 
|  40|0x0000000084400000, 0x0000000084400000, 0x0000000084500000|  0%| F|  |TAMS 0x0000000084400000, 0x0000000084400000| Untracked 
|  41|0x0000000084500000, 0x0000000084500000, 0x0000000084600000|  0%| F|  |TAMS 0x0000000084500000, 0x0000000084500000| Untracked 
|  42|0x0000000084600000, 0x0000000084600000, 0x0000000084700000|  0%| F|  |TAMS 0x0000000084600000, 0x0000000084600000| Untracked 
|  43|0x0000000084700000, 0x0000000084700000, 0x0000000084800000|  0%| F|  |TAMS 0x0000000084700000, 0x0000000084700000| Untracked 
|  44|0x0000000084800000, 0x0000000084800000, 0x0000000084900000|  0%| F|  |TAMS 0x0000000084800000, 0x0000000084800000| Untracked 
|  45|0x0000000084900000, 0x0000000084900000, 0x0000000084a00000|  0%| F|  |TAMS 0x0000000084900000, 0x0000000084900000| Untracked 
|  46|0x0000000084a00000, 0x0000000084a00000, 0x0000000084b00000|  0%| F|  |TAMS 0x0000000084a00000, 0x0000000084a00000| Untracked 
|  47|0x0000000084b00000, 0x0000000084b00000, 0x0000000084c00000|  0%| F|  |TAMS 0x0000000084b00000, 0x0000000084b00000| Untracked 
|  48|0x0000000084c00000, 0x0000000084c00000, 0x0000000084d00000|  0%| F|  |TAMS 0x0000000084c00000, 0x0000000084c00000| Untracked 
|  49|0x0000000084d00000, 0x0000000084d00000, 0x0000000084e00000|  0%| F|  |TAMS 0x0000000084d00000, 0x0000000084d00000| Untracked 
|  50|0x0000000084e00000, 0x0000000084e00000, 0x0000000084f00000|  0%| F|  |TAMS 0x0000000084e00000, 0x0000000084e00000| Untracked 
|  51|0x0000000084f00000, 0x0000000084f00000, 0x0000000085000000|  0%| F|  |TAMS 0x0000000084f00000, 0x0000000084f00000| Untracked 
|  52|0x0000000085000000, 0x0000000085000000, 0x0000000085100000|  0%| F|  |TAMS 0x0000000085000000, 0x0000000085000000| Untracked 
|  53|0x0000000085100000, 0x0000000085100000, 0x0000000085200000|  0%| F|  |TAMS 0x0000000085100000, 0x0000000085100000| Untracked 
|  54|0x0000000085200000, 0x0000000085200000, 0x0000000085300000|  0%| F|  |TAMS 0x0000000085200000, 0x0000000085200000| Untracked 
|  55|0x0000000085300000, 0x0000000085300000, 0x0000000085400000|  0%| F|  |TAMS 0x0000000085300000, 0x0000000085300000| Untracked 
|  56|0x0000000085400000, 0x0000000085400000, 0x0000000085500000|  0%| F|  |TAMS 0x0000000085400000, 0x0000000085400000| Untracked 
|  57|0x0000000085500000, 0x0000000085500000, 0x0000000085600000|  0%| F|  |TAMS 0x0000000085500000, 0x0000000085500000| Untracked 
|  58|0x0000000085600000, 0x0000000085600000, 0x0000000085700000|  0%| F|  |TAMS 0x0000000085600000, 0x0000000085600000| Untracked 
|  59|0x0000000085700000, 0x0000000085700000, 0x0000000085800000|  0%| F|  |TAMS 0x0000000085700000, 0x0000000085700000| Untracked 
|  60|0x0000000085800000, 0x0000000085800000, 0x0000000085900000|  0%| F|  |TAMS 0x0000000085800000, 0x0000000085800000| Untracked 
|  61|0x0000000085900000, 0x0000000085900000, 0x0000000085a00000|  0%| F|  |TAMS 0x0000000085900000, 0x0000000085900000| Untracked 
|  62|0x0000000085a00000, 0x0000000085a00000, 0x0000000085b00000|  0%| F|  |TAMS 0x0000000085a00000, 0x0000000085a00000| Untracked 
|  63|0x0000000085b00000, 0x0000000085b00000, 0x0000000085c00000|  0%| F|  |TAMS 0x0000000085b00000, 0x0000000085b00000| Untracked 
|  64|0x0000000085c00000, 0x0000000085c00000, 0x0000000085d00000|  0%| F|  |TAMS 0x0000000085c00000, 0x0000000085c00000| Untracked 
|  65|0x0000000085d00000, 0x0000000085d00000, 0x0000000085e00000|  0%| F|  |TAMS 0x0000000085d00000, 0x0000000085d00000| Untracked 
|  66|0x0000000085e00000, 0x0000000085e00000, 0x0000000085f00000|  0%| F|  |TAMS 0x0000000085e00000, 0x0000000085e00000| Untracked 
|  67|0x0000000085f00000, 0x0000000085f80000, 0x0000000086000000| 50%| S|CS|TAMS 0x0000000085f00000, 0x0000000085f00000| Complete 
|  68|0x0000000086000000, 0x0000000086100000, 0x0000000086100000|100%| S|CS|TAMS 0x0000000086000000, 0x0000000086000000| Complete 
|  69|0x0000000086100000, 0x0000000086200000, 0x0000000086200000|100%| S|CS|TAMS 0x0000000086100000, 0x0000000086100000| Complete 
|  70|0x0000000086200000, 0x0000000086300000, 0x0000000086300000|100%| S|CS|TAMS 0x0000000086200000, 0x0000000086200000| Complete 
|  71|0x0000000086300000, 0x0000000086400000, 0x0000000086400000|100%| S|CS|TAMS 0x0000000086300000, 0x0000000086300000| Complete 
|  72|0x0000000086400000, 0x0000000086500000, 0x0000000086500000|100%| S|CS|TAMS 0x0000000086400000, 0x0000000086400000| Complete 
|  73|0x0000000086500000, 0x0000000086500000, 0x0000000086600000|  0%| F|  |TAMS 0x0000000086500000, 0x0000000086500000| Untracked 
|  74|0x0000000086600000, 0x0000000086600000, 0x0000000086700000|  0%| F|  |TAMS 0x0000000086600000, 0x0000000086600000| Untracked 
|  75|0x0000000086700000, 0x0000000086700000, 0x0000000086800000|  0%| F|  |TAMS 0x0000000086700000, 0x0000000086700000| Untracked 
|  76|0x0000000086800000, 0x0000000086800000, 0x0000000086900000|  0%| F|  |TAMS 0x0000000086800000, 0x0000000086800000| Untracked 
|  77|0x0000000086900000, 0x0000000086900000, 0x0000000086a00000|  0%| F|  |TAMS 0x0000000086900000, 0x0000000086900000| Untracked 
|  78|0x0000000086a00000, 0x0000000086a00000, 0x0000000086b00000|  0%| F|  |TAMS 0x0000000086a00000, 0x0000000086a00000| Untracked 
|  79|0x0000000086b00000, 0x0000000086b00000, 0x0000000086c00000|  0%| F|  |TAMS 0x0000000086b00000, 0x0000000086b00000| Untracked 
|  80|0x0000000086c00000, 0x0000000086c00000, 0x0000000086d00000|  0%| F|  |TAMS 0x0000000086c00000, 0x0000000086c00000| Untracked 
|  81|0x0000000086d00000, 0x0000000086d00000, 0x0000000086e00000|  0%| F|  |TAMS 0x0000000086d00000, 0x0000000086d00000| Untracked 
|  82|0x0000000086e00000, 0x0000000086e00000, 0x0000000086f00000|  0%| F|  |TAMS 0x0000000086e00000, 0x0000000086e00000| Untracked 
|  83|0x0000000086f00000, 0x0000000086f00000, 0x0000000087000000|  0%| F|  |TAMS 0x0000000086f00000, 0x0000000086f00000| Untracked 
|  84|0x0000000087000000, 0x0000000087000000, 0x0000000087100000|  0%| F|  |TAMS 0x0000000087000000, 0x0000000087000000| Untracked 
|  85|0x0000000087100000, 0x0000000087100000, 0x0000000087200000|  0%| F|  |TAMS 0x0000000087100000, 0x0000000087100000| Untracked 
|  86|0x0000000087200000, 0x0000000087200000, 0x0000000087300000|  0%| F|  |TAMS 0x0000000087200000, 0x0000000087200000| Untracked 
|  87|0x0000000087300000, 0x0000000087300000, 0x0000000087400000|  0%| F|  |TAMS 0x0000000087300000, 0x0000000087300000| Untracked 
|  88|0x0000000087400000, 0x0000000087400000, 0x0000000087500000|  0%| F|  |TAMS 0x0000000087400000, 0x0000000087400000| Untracked 
|  89|0x0000000087500000, 0x0000000087500000, 0x0000000087600000|  0%| F|  |TAMS 0x0000000087500000, 0x0000000087500000| Untracked 
|  90|0x0000000087600000, 0x0000000087600000, 0x0000000087700000|  0%| F|  |TAMS 0x0000000087600000, 0x0000000087600000| Untracked 
|  91|0x0000000087700000, 0x0000000087700000, 0x0000000087800000|  0%| F|  |TAMS 0x0000000087700000, 0x0000000087700000| Untracked 
|  92|0x0000000087800000, 0x0000000087800000, 0x0000000087900000|  0%| F|  |TAMS 0x0000000087800000, 0x0000000087800000| Untracked 
|  93|0x0000000087900000, 0x0000000087900000, 0x0000000087a00000|  0%| F|  |TAMS 0x0000000087900000, 0x0000000087900000| Untracked 
|  94|0x0000000087a00000, 0x0000000087a00000, 0x0000000087b00000|  0%| F|  |TAMS 0x0000000087a00000, 0x0000000087a00000| Untracked 
|  95|0x0000000087b00000, 0x0000000087b00000, 0x0000000087c00000|  0%| F|  |TAMS 0x0000000087b00000, 0x0000000087b00000| Untracked 
|  96|0x0000000087c00000, 0x0000000087c00000, 0x0000000087d00000|  0%| F|  |TAMS 0x0000000087c00000, 0x0000000087c00000| Untracked 
|  97|0x0000000087d00000, 0x0000000087d00000, 0x0000000087e00000|  0%| F|  |TAMS 0x0000000087d00000, 0x0000000087d00000| Untracked 
|  98|0x0000000087e00000, 0x0000000087e00000, 0x0000000087f00000|  0%| F|  |TAMS 0x0000000087e00000, 0x0000000087e00000| Untracked 
|  99|0x0000000087f00000, 0x0000000087f00000, 0x0000000088000000|  0%| F|  |TAMS 0x0000000087f00000, 0x0000000087f00000| Untracked 
| 100|0x0000000088000000, 0x0000000088000000, 0x0000000088100000|  0%| F|  |TAMS 0x0000000088000000, 0x0000000088000000| Untracked 
| 101|0x0000000088100000, 0x0000000088100000, 0x0000000088200000|  0%| F|  |TAMS 0x0000000088100000, 0x0000000088100000| Untracked 
| 102|0x0000000088200000, 0x0000000088200000, 0x0000000088300000|  0%| F|  |TAMS 0x0000000088200000, 0x0000000088200000| Untracked 
| 103|0x0000000088300000, 0x0000000088300000, 0x0000000088400000|  0%| F|  |TAMS 0x0000000088300000, 0x0000000088300000| Untracked 
| 104|0x0000000088400000, 0x0000000088400000, 0x0000000088500000|  0%| F|  |TAMS 0x0000000088400000, 0x0000000088400000| Untracked 
| 105|0x0000000088500000, 0x0000000088500000, 0x0000000088600000|  0%| F|  |TAMS 0x0000000088500000, 0x0000000088500000| Untracked 
| 106|0x0000000088600000, 0x0000000088600000, 0x0000000088700000|  0%| F|  |TAMS 0x0000000088600000, 0x0000000088600000| Untracked 
| 107|0x0000000088700000, 0x0000000088700000, 0x0000000088800000|  0%| F|  |TAMS 0x0000000088700000, 0x0000000088700000| Untracked 
| 108|0x0000000088800000, 0x0000000088800000, 0x0000000088900000|  0%| F|  |TAMS 0x0000000088800000, 0x0000000088800000| Untracked 
| 109|0x0000000088900000, 0x0000000088900000, 0x0000000088a00000|  0%| F|  |TAMS 0x0000000088900000, 0x0000000088900000| Untracked 
| 110|0x0000000088a00000, 0x0000000088a00000, 0x0000000088b00000|  0%| F|  |TAMS 0x0000000088a00000, 0x0000000088a00000| Untracked 
| 111|0x0000000088b00000, 0x0000000088b00000, 0x0000000088c00000|  0%| F|  |TAMS 0x0000000088b00000, 0x0000000088b00000| Untracked 
| 112|0x0000000088c00000, 0x0000000088c00000, 0x0000000088d00000|  0%| F|  |TAMS 0x0000000088c00000, 0x0000000088c00000| Untracked 
| 113|0x0000000088d00000, 0x0000000088d00000, 0x0000000088e00000|  0%| F|  |TAMS 0x0000000088d00000, 0x0000000088d00000| Untracked 
| 114|0x0000000088e00000, 0x0000000088e00000, 0x0000000088f00000|  0%| F|  |TAMS 0x0000000088e00000, 0x0000000088e00000| Untracked 
| 115|0x0000000088f00000, 0x0000000088f00000, 0x0000000089000000|  0%| F|  |TAMS 0x0000000088f00000, 0x0000000088f00000| Untracked 
| 116|0x0000000089000000, 0x0000000089000000, 0x0000000089100000|  0%| F|  |TAMS 0x0000000089000000, 0x0000000089000000| Untracked 
| 117|0x0000000089100000, 0x0000000089100000, 0x0000000089200000|  0%| F|  |TAMS 0x0000000089100000, 0x0000000089100000| Untracked 
| 118|0x0000000089200000, 0x0000000089200000, 0x0000000089300000|  0%| F|  |TAMS 0x0000000089200000, 0x0000000089200000| Untracked 
| 119|0x0000000089300000, 0x0000000089300000, 0x0000000089400000|  0%| F|  |TAMS 0x0000000089300000, 0x0000000089300000| Untracked 
| 120|0x0000000089400000, 0x0000000089400000, 0x0000000089500000|  0%| F|  |TAMS 0x0000000089400000, 0x0000000089400000| Untracked 
| 121|0x0000000089500000, 0x0000000089500000, 0x0000000089600000|  0%| F|  |TAMS 0x0000000089500000, 0x0000000089500000| Untracked 
| 122|0x0000000089600000, 0x0000000089600000, 0x0000000089700000|  0%| F|  |TAMS 0x0000000089600000, 0x0000000089600000| Untracked 
| 123|0x0000000089700000, 0x0000000089700000, 0x0000000089800000|  0%| F|  |TAMS 0x0000000089700000, 0x0000000089700000| Untracked 
| 124|0x0000000089800000, 0x0000000089800000, 0x0000000089900000|  0%| F|  |TAMS 0x0000000089800000, 0x0000000089800000| Untracked 
| 125|0x0000000089900000, 0x0000000089900000, 0x0000000089a00000|  0%| F|  |TAMS 0x0000000089900000, 0x0000000089900000| Untracked 
| 126|0x0000000089a00000, 0x0000000089a00000, 0x0000000089b00000|  0%| F|  |TAMS 0x0000000089a00000, 0x0000000089a00000| Untracked 
| 127|0x0000000089b00000, 0x0000000089b00000, 0x0000000089c00000|  0%| F|  |TAMS 0x0000000089b00000, 0x0000000089b00000| Untracked 

Card table byte_map: [0x000001957ba40000,0x000001957be40000] _byte_map_base: 0x000001957b632000

Marking Bits (Prev, Next): (CMBitMap*) 0x0000019573a42db0, (CMBitMap*) 0x0000019573a42df0
 Prev Bits: [0x000001957c240000, 0x000001957e1d0000)
 Next Bits: [0x000001950f000000, 0x0000019510f90000)

Polling page: 0x0000019571b70000

Metaspace:

Usage:
  Non-class:     13.13 MB used.
      Class:      1.55 MB used.
       Both:     14.69 MB used.

Virtual space:
  Non-class space:       64.00 MB reserved,      13.31 MB ( 21%) committed,  1 nodes.
      Class space:        1.00 GB reserved,       1.69 MB ( <1%) committed,  1 nodes.
             Both:        1.06 GB reserved,      15.00 MB (  1%) committed. 

Chunk freelists:
   Non-Class:  1.97 MB
       Class:  2.33 MB
        Both:  4.30 MB

MaxMetaspaceSize: unlimited
CompressedClassSpaceSize: 1.00 GB
Initial GC threshold: 21.00 MB
Current GC threshold: 21.00 MB
CDS: on
MetaspaceReclaimPolicy: balanced
 - commit_granule_bytes: 65536.
 - commit_granule_words: 8192.
 - virtual_space_node_default_size: 8388608.
 - enlarge_chunks_in_place: 1.
 - new_chunks_are_fully_committed: 0.
 - uncommit_free_chunks: 1.
 - use_allocation_guard: 0.


Internal statistics:

num_allocs_failed_limit: 0.
num_arena_births: 262.
num_arena_deaths: 0.
num_vsnodes_births: 2.
num_vsnodes_deaths: 0.
num_space_committed: 240.
num_space_uncommitted: 0.
num_chunks_returned_to_freelist: 0.
num_chunks_taken_from_freelist: 786.
num_chunk_merges: 0.
num_chunk_splits: 560.
num_chunks_enlarged: 425.
num_inconsistent_stats: 0.

CodeHeap 'non-profiled nmethods': size=120000Kb used=2050Kb max_used=2050Kb free=117949Kb
 bounds [0x0000019507ad0000, 0x0000019507d40000, 0x000001950f000000]
CodeHeap 'profiled nmethods': size=120000Kb used=9277Kb max_used=9277Kb free=110722Kb
 bounds [0x00000195005a0000, 0x0000019500eb0000, 0x0000019507ad0000]
CodeHeap 'non-nmethods': size=5760Kb used=1190Kb max_used=1271Kb free=4569Kb
 bounds [0x0000019500000000, 0x0000019500270000, 0x00000195005a0000]
 total_blobs=4712 nmethods=4239 adapters=385
 compilation: enabled
              stopped_count=0, restarted_count=0
 full_count=0

Compilation events (20 events):
Event: 3.859 Thread 0x000001957ebdcc40 4246       4       org.eclipse.sisu.inject.LocatedBeans$Itr::hasNext (161 bytes)
Event: 3.860 Thread 0x000001957ebdd620 nmethod 4251 0x0000019500ea9990 code [0x0000019500ea9b60, 0x0000019500eaa0b8]
Event: 3.860 Thread 0x000001957ebdd620 4243       1       org.codehaus.plexus.util.MatchPattern::getTokenizedPathChars (5 bytes)
Event: 3.860 Thread 0x000001957ebdd620 nmethod 4243 0x0000019507ccfc10 code [0x0000019507ccfda0, 0x0000019507ccfe78]
Event: 3.860 Thread 0x000001957ebdd620 4252       3       org.apache.maven.model.IssueManagement::<init> (5 bytes)
Event: 3.860 Thread 0x000001957ebdd620 nmethod 4252 0x0000019500eaa290 code [0x0000019500eaa420, 0x0000019500eaa578]
Event: 3.862 Thread 0x000001957ebdd620 4256       1       org.apache.maven.model.Parent::setRelativePath (6 bytes)
Event: 3.862 Thread 0x000001957ebdd620 nmethod 4256 0x0000019507ccff10 code [0x0000019507cd00a0, 0x0000019507cd01b8]
Event: 3.863 Thread 0x000001951724c690 nmethod 4247 0x0000019507cd0210 code [0x0000019507cd03a0, 0x0000019507cd07f8]
Event: 3.863 Thread 0x000001951724c690 4249       4       org.apache.maven.model.interpolation.StringVisitorModelInterpolator$ModelVisitor::visit (55 bytes)
Event: 3.863 Thread 0x000001957ebdd620 4264       3       org.apache.maven.model.interpolation.StringVisitorModelInterpolator$ModelVisitor::visit (110 bytes)
Event: 3.864 Thread 0x000001957ebdd620 nmethod 4264 0x0000019500eaa610 code [0x0000019500eaa860, 0x0000019500eab268]
Event: 3.875 Thread 0x000001957ebdd620 4267   !   3       java.util.Collections$SynchronizedMap::put (28 bytes)
Event: 3.876 Thread 0x000001957ebdd620 nmethod 4267 0x0000019500eab610 code [0x0000019500eab7c0, 0x0000019500eaba68]
Event: 3.876 Thread 0x000001957ebdd620 4265       3       org.eclipse.aether.internal.impl.collect.DataPool$GoodDescriptor::<init> (53 bytes)
Event: 3.876 Thread 0x000001957ebdd620 nmethod 4265 0x0000019500eabc10 code [0x0000019500eabde0, 0x0000019500eac278]
Event: 3.876 Thread 0x000001957ebdd620 4266       3       org.eclipse.aether.internal.impl.collect.DataPool$Descriptor::<init> (5 bytes)
Event: 3.876 Thread 0x000001957ebdd620 nmethod 4266 0x0000019500eac390 code [0x0000019500eac520, 0x0000019500eac678]
Event: 3.877 Thread 0x000001957ebdd620 4268       3       org.apache.maven.model.io.xpp3.MavenXpp3Reader::parseParent (256 bytes)
Event: 3.881 Thread 0x000001957ebdd620 nmethod 4268 0x0000019500eac710 code [0x0000019500eacb80, 0x0000019500eae9a8]

GC Heap History (11 events):
Event: 0.682 GC heap before
{Heap before GC invocations=0 (full 0):
 garbage-first heap   total 131072K, used 22528K [0x0000000081c00000, 0x0000000100000000)
  region size 1024K, 23 young (23552K), 0 survivors (0K)
 Metaspace       used 5478K, committed 5696K, reserved 1114112K
  class space    used 626K, committed 768K, reserved 1048576K
}
Event: 0.691 GC heap after
{Heap after GC invocations=1 (full 0):
 garbage-first heap   total 131072K, used 3875K [0x0000000081c00000, 0x0000000100000000)
  region size 1024K, 3 young (3072K), 3 survivors (3072K)
 Metaspace       used 5478K, committed 5696K, reserved 1114112K
  class space    used 626K, committed 768K, reserved 1048576K
}
Event: 1.534 GC heap before
{Heap before GC invocations=1 (full 0):
 garbage-first heap   total 131072K, used 34595K [0x0000000081c00000, 0x0000000100000000)
  region size 1024K, 33 young (33792K), 3 survivors (3072K)
 Metaspace       used 10532K, committed 10752K, reserved 1114112K
  class space    used 1263K, committed 1408K, reserved 1048576K
}
Event: 1.541 GC heap after
{Heap after GC invocations=2 (full 0):
 garbage-first heap   total 131072K, used 6127K [0x0000000081c00000, 0x0000000100000000)
  region size 1024K, 3 young (3072K), 3 survivors (3072K)
 Metaspace       used 10532K, committed 10752K, reserved 1114112K
  class space    used 1263K, committed 1408K, reserved 1048576K
}
Event: 2.695 GC heap before
{Heap before GC invocations=2 (full 0):
 garbage-first heap   total 131072K, used 80879K [0x0000000081c00000, 0x0000000100000000)
  region size 1024K, 76 young (77824K), 3 survivors (3072K)
 Metaspace       used 13424K, committed 13696K, reserved 1114112K
  class space    used 1481K, committed 1600K, reserved 1048576K
}
Event: 2.716 GC heap after
{Heap after GC invocations=3 (full 0):
 garbage-first heap   total 131072K, used 13690K [0x0000000081c00000, 0x0000000100000000)
  region size 1024K, 10 young (10240K), 10 survivors (10240K)
 Metaspace       used 13424K, committed 13696K, reserved 1114112K
  class space    used 1481K, committed 1600K, reserved 1048576K
}
Event: 3.133 GC heap before
{Heap before GC invocations=3 (full 0):
 garbage-first heap   total 131072K, used 81274K [0x0000000081c00000, 0x0000000100000000)
  region size 1024K, 76 young (77824K), 10 survivors (10240K)
 Metaspace       used 13752K, committed 14016K, reserved 1114112K
  class space    used 1483K, committed 1600K, reserved 1048576K
}
Event: 3.160 GC heap after
{Heap after GC invocations=4 (full 0):
 garbage-first heap   total 131072K, used 26974K [0x0000000081c00000, 0x0000000100000000)
  region size 1024K, 10 young (10240K), 10 survivors (10240K)
 Metaspace       used 13752K, committed 14016K, reserved 1114112K
  class space    used 1483K, committed 1600K, reserved 1048576K
}
Event: 3.459 GC heap before
{Heap before GC invocations=4 (full 0):
 garbage-first heap   total 131072K, used 89438K [0x0000000081c00000, 0x0000000100000000)
  region size 1024K, 71 young (72704K), 10 survivors (10240K)
 Metaspace       used 13979K, committed 14208K, reserved 1114112K
  class space    used 1485K, committed 1600K, reserved 1048576K
}
Event: 3.476 GC heap after
{Heap after GC invocations=5 (full 0):
 garbage-first heap   total 131072K, used 36864K [0x0000000081c00000, 0x0000000100000000)
  region size 1024K, 9 young (9216K), 9 survivors (9216K)
 Metaspace       used 13979K, committed 14208K, reserved 1114112K
  class space    used 1485K, committed 1600K, reserved 1048576K
}
Event: 3.883 GC heap before
{Heap before GC invocations=5 (full 0):
 garbage-first heap   total 131072K, used 93184K [0x0000000081c00000, 0x0000000100000000)
  region size 1024K, 64 young (65536K), 9 survivors (9216K)
 Metaspace       used 15039K, committed 15360K, reserved 1114112K
  class space    used 1590K, committed 1728K, reserved 1048576K
}

Deoptimization events (20 events):
Event: 3.792 Thread 0x00000195739e18c0 Uncommon trap: trap_request=0xffffffde fr.pc=0x0000019507b89e90 relative=0x0000000000000070
Event: 3.792 Thread 0x00000195739e18c0 Uncommon trap: reason=class_check action=maybe_recompile pc=0x0000019507b89e90 method=com.google.inject.internal.LinkedBindingImpl.acceptTargetVisitor(Lcom/google/inject/spi/BindingTargetVisitor;)Ljava/lang/Object; @ 2 c2
Event: 3.792 Thread 0x00000195739e18c0 DEOPT PACKING pc=0x0000019507b89e90 sp=0x0000005a141fd9d0
Event: 3.792 Thread 0x00000195739e18c0 DEOPT UNPACKING pc=0x00000195000523a3 sp=0x0000005a141fd958 mode 2
Event: 3.794 Thread 0x00000195739e18c0 Uncommon trap: trap_request=0xffffff45 fr.pc=0x0000019507c8fa98 relative=0x00000000000006b8
Event: 3.794 Thread 0x00000195739e18c0 Uncommon trap: reason=unstable_if action=reinterpret pc=0x0000019507c8fa98 method=java.lang.ThreadLocal$ThreadLocalMap.getEntry(Ljava/lang/ThreadLocal;)Ljava/lang/ThreadLocal$ThreadLocalMap$Entry; @ 29 c2
Event: 3.794 Thread 0x00000195739e18c0 DEOPT PACKING pc=0x0000019507c8fa98 sp=0x0000005a141fda60
Event: 3.794 Thread 0x00000195739e18c0 DEOPT UNPACKING pc=0x00000195000523a3 sp=0x0000005a141fd958 mode 2
Event: 3.794 Thread 0x00000195739e18c0 Uncommon trap: trap_request=0xffffff45 fr.pc=0x0000019507bf203c relative=0x000000000000011c
Event: 3.794 Thread 0x00000195739e18c0 Uncommon trap: reason=unstable_if action=reinterpret pc=0x0000019507bf203c method=java.lang.ThreadLocal$ThreadLocalMap.getEntry(Ljava/lang/ThreadLocal;)Ljava/lang/ThreadLocal$ThreadLocalMap$Entry; @ 29 c2
Event: 3.794 Thread 0x00000195739e18c0 DEOPT PACKING pc=0x0000019507bf203c sp=0x0000005a141fda40
Event: 3.794 Thread 0x00000195739e18c0 DEOPT UNPACKING pc=0x00000195000523a3 sp=0x0000005a141fd958 mode 2
Event: 3.795 Thread 0x00000195739e18c0 Uncommon trap: trap_request=0xffffff54 fr.pc=0x0000019507c0a668 relative=0x0000000000000328
Event: 3.795 Thread 0x00000195739e18c0 Uncommon trap: reason=speculate_null_assert action=make_not_entrant pc=0x0000019507c0a668 method=org.eclipse.sisu.inject.RankedBindings$Itr.hasNext()Z @ 80 c2
Event: 3.796 Thread 0x00000195739e18c0 DEOPT PACKING pc=0x0000019507c0a668 sp=0x0000005a141fdee0
Event: 3.796 Thread 0x00000195739e18c0 DEOPT UNPACKING pc=0x00000195000523a3 sp=0x0000005a141fde48 mode 2
Event: 3.813 Thread 0x00000195739e18c0 DEOPT PACKING pc=0x00000195006dbd34 sp=0x0000005a141f88a0
Event: 3.813 Thread 0x00000195739e18c0 DEOPT UNPACKING pc=0x0000019500052b43 sp=0x0000005a141f7cd8 mode 0
Event: 3.813 Thread 0x00000195739e18c0 DEOPT PACKING pc=0x00000195006db94c sp=0x0000005a141f8910
Event: 3.813 Thread 0x00000195739e18c0 DEOPT UNPACKING pc=0x0000019500052b43 sp=0x0000005a141f7db8 mode 0

Classes loaded (20 events):
Event: 3.299 Loading class sun/nio/cs/ISO_8859_1$Decoder
Event: 3.299 Loading class sun/nio/cs/ISO_8859_1$Decoder done
Event: 3.353 Loading class java/util/Collections$UnmodifiableList$1
Event: 3.353 Loading class java/util/Collections$UnmodifiableList$1 done
Event: 3.773 Loading class org/w3c/dom/Node
Event: 3.773 Loading class org/w3c/dom/Node done
Event: 3.773 Loading class javax/xml/parsers/ParserConfigurationException
Event: 3.773 Loading class javax/xml/parsers/ParserConfigurationException done
Event: 3.773 Loading class org/xml/sax/SAXException
Event: 3.773 Loading class org/xml/sax/SAXException done
Event: 3.773 Loading class org/w3c/dom/Document
Event: 3.773 Loading class org/w3c/dom/Document done
Event: 3.773 Loading class org/w3c/dom/Element
Event: 3.773 Loading class org/w3c/dom/Element done
Event: 3.786 Loading class java/io/FileWriter
Event: 3.786 Loading class java/io/FileWriter done
Event: 3.818 Loading class jdk/internal/reflect/MethodHandleBooleanFieldAccessorImpl
Event: 3.818 Loading class jdk/internal/reflect/MethodHandleBooleanFieldAccessorImpl done
Event: 3.842 Loading class sun/nio/cs/UTF_8$Encoder
Event: 3.842 Loading class sun/nio/cs/UTF_8$Encoder done

Classes unloaded (0 events):
No events

Classes redefined (0 events):
No events

Internal exceptions (20 events):
Event: 1.505 Thread 0x00000195739e18c0 Exception <a 'java/lang/NoSuchMethodError'{0x0000000087b3b758}: 'void java.lang.invoke.DelegatingMethodHandle$Holder.delegate(java.lang.Object, java.lang.Object, int, java.lang.Object)'> (0x0000000087b3b758) 
thrown [t:\workspace\open\src\hotspot\share\interpreter\linkResolver.cpp, line 766]
Event: 1.505 Thread 0x00000195739e18c0 Exception <a 'java/lang/NoSuchMethodError'{0x0000000087b40328}: 'int java.lang.invoke.DirectMethodHandle$Holder.invokeSpecial(java.lang.Object, java.lang.Object, java.lang.Object)'> (0x0000000087b40328) 
thrown [t:\workspace\open\src\hotspot\share\interpreter\linkResolver.cpp, line 766]
Event: 1.529 Thread 0x00000195739e18c0 Exception <a 'java/lang/NoSuchMethodError'{0x0000000087bcb1a0}: 'java.lang.Object java.lang.invoke.DirectMethodHandle$Holder.newInvokeSpecial(java.lang.Object, java.lang.Object, java.lang.Object, java.lang.Object, java.lang.Object, java.lang.Object, java.lang.Object)'> (0x0000000087bcb1a0) 
thrown [t:\workspace\open\src\hotspot\share\interpreter\linkResolver.cpp, line 766]
Event: 1.545 Thread 0x00000195739e18c0 Exception <a 'java/lang/NoSuchMethodError'{0x0000000089b0eca8}: 'java.lang.Object java.lang.invoke.DirectMethodHandle$Holder.newInvokeSpecial(java.lang.Object, java.lang.Object, java.lang.Object, java.lang.Object, java.lang.Object, java.lang.Object, java.lang.Object, java.lang.Object, java.lang.Object)'> (0x0000000089b0eca8) 
thrown [t:\workspace\open\src\hotspot\share\interpreter\linkResolver.cpp, line 766]
Event: 1.545 Thread 0x00000195739e18c0 Exception <a 'java/lang/NoSuchMethodError'{0x0000000089b15058}: 'java.lang.Object java.lang.invoke.DirectMethodHandle$Holder.invokeSpecial(java.lang.Object, java.lang.Object, java.lang.Object, java.lang.Object, java.lang.Object, java.lang.Object, java.lang.Object, java.lang.Object, java.lang.Object, java.lang.Object)'> (0x0000000089b15058) 
thrown [t:\workspace\open\src\hotspot\share\interpreter\linkResolver.cpp, line 766]
Event: 1.564 Thread 0x00000195739e18c0 Exception <a 'java/lang/NoSuchMethodError'{0x0000000089a01e30}: 'java.lang.Object java.lang.invoke.DirectMethodHandle$Holder.newInvokeSpecial(java.lang.Object, java.lang.Object, java.lang.Object, java.lang.Object, java.lang.Object, java.lang.Object, java.lang.Object, java.lang.Object, java.lang.Object, java.lang.Object, java.lang.Object, java.lang.Object)'> (0x0000000089a01e30) 
thrown [t:\workspace\open\src\hotspot\share\interpreter\linkResolver.cpp, line 766]
Event: 1.564 Thread 0x00000195739e18c0 Exception <a 'java/lang/NoSuchMethodError'{0x0000000089a07f60}: 'java.lang.Object java.lang.invoke.DirectMethodHandle$Holder.invokeSpecial(java.lang.Object, java.lang.Object, java.lang.Object, java.lang.Object, java.lang.Object, java.lang.Object, java.lang.Object, java.lang.Object, java.lang.Object, java.lang.Object, java.lang.Object, java.lang.Object, java.lang.Object)'> (0x0000000089a07f60) 
thrown [t:\workspace\open\src\hotspot\share\interpreter\linkResolver.cpp, line 766]
Event: 1.580 Thread 0x00000195739e18c0 Exception <a 'java/lang/NoSuchMethodError'{0x0000000089a72ec8}: 'java.lang.Object java.lang.invoke.DirectMethodHandle$Holder.invokeStaticInit(java.lang.Object, int, int, int, int)'> (0x0000000089a72ec8) 
thrown [t:\workspace\open\src\hotspot\share\interpreter\linkResolver.cpp, line 766]
Event: 1.689 Thread 0x00000195739e18c0 Implicit null exception at 0x0000019507b01ad2 to 0x0000019507b02010
Event: 1.689 Thread 0x00000195739e18c0 Implicit null exception at 0x0000019507b0f7d2 to 0x0000019507b0fd00
Event: 1.768 Thread 0x00000195739e18c0 Exception <a 'java/lang/NoSuchMethodError'{0x00000000893d6608}: 'void java.lang.invoke.DirectMethodHandle$Holder.invokeVirtual(java.lang.Object, java.lang.Object, int)'> (0x00000000893d6608) 
thrown [t:\workspace\open\src\hotspot\share\interpreter\linkResolver.cpp, line 766]
Event: 1.769 Thread 0x00000195739e18c0 Exception <a 'java/lang/NoSuchMethodError'{0x00000000893daaa8}: 'int java.lang.invoke.DirectMethodHandle$Holder.invokeSpecial(java.lang.Object, java.lang.Object, java.lang.Object, int)'> (0x00000000893daaa8) 
thrown [t:\workspace\open\src\hotspot\share\interpreter\linkResolver.cpp, line 766]
Event: 1.771 Thread 0x00000195739e18c0 Exception <a 'java/lang/NoSuchMethodError'{0x00000000893ed6f0}: 'java.lang.Object java.lang.invoke.DirectMethodHandle$Holder.invokeStatic(java.lang.Object, java.lang.Object, java.lang.Object, java.lang.Object, int)'> (0x00000000893ed6f0) 
thrown [t:\workspace\open\src\hotspot\share\interpreter\linkResolver.cpp, line 766]
Event: 1.772 Thread 0x00000195739e18c0 Exception <a 'java/lang/NoSuchMethodError'{0x00000000893f9030}: 'void java.lang.invoke.DelegatingMethodHandle$Holder.reinvoke_L(java.lang.Object, java.lang.Object, int)'> (0x00000000893f9030) 
thrown [t:\workspace\open\src\hotspot\share\interpreter\linkResolver.cpp, line 766]
Event: 2.378 Thread 0x00000195739e18c0 Implicit null exception at 0x0000019507bf4637 to 0x0000019507bf4b04
Event: 3.568 Thread 0x00000195739e18c0 Implicit null exception at 0x0000019507b62b0f to 0x0000019507b62d18
Event: 3.568 Thread 0x00000195739e18c0 Implicit null exception at 0x0000019507b4308f to 0x0000019507b432a0
Event: 3.568 Thread 0x00000195739e18c0 Implicit null exception at 0x0000019507b3a68f to 0x0000019507b3a709
Event: 3.625 Thread 0x00000195739e18c0 Implicit null exception at 0x0000019507c7a8a8 to 0x0000019507c7baa0
Event: 3.818 Thread 0x00000195739e18c0 Exception <a 'java/lang/NoSuchMethodError'{0x0000000086b170c8}: 'void java.lang.invoke.Invokers$Holder.invokeExact_MT(java.lang.Object, java.lang.Object, int, java.lang.Object)'> (0x0000000086b170c8) 
thrown [t:\workspace\open\src\hotspot\share\interpreter\linkResolver.cpp, line 766]

VM Operations (20 events):
Event: 1.672 Executing VM operation: HandshakeAllThreads done
Event: 1.916 Executing VM operation: ICBufferFull
Event: 1.916 Executing VM operation: ICBufferFull done
Event: 2.362 Executing VM operation: HandshakeAllThreads
Event: 2.362 Executing VM operation: HandshakeAllThreads done
Event: 2.408 Executing VM operation: ICBufferFull
Event: 2.409 Executing VM operation: ICBufferFull done
Event: 2.695 Executing VM operation: G1CollectForAllocation
Event: 2.716 Executing VM operation: G1CollectForAllocation done
Event: 2.891 Executing VM operation: HandshakeAllThreads
Event: 2.891 Executing VM operation: HandshakeAllThreads done
Event: 3.133 Executing VM operation: G1CollectForAllocation
Event: 3.160 Executing VM operation: G1CollectForAllocation done
Event: 3.459 Executing VM operation: G1CollectForAllocation
Event: 3.476 Executing VM operation: G1CollectForAllocation done
Event: 3.796 Executing VM operation: ICBufferFull
Event: 3.796 Executing VM operation: ICBufferFull done
Event: 3.813 Executing VM operation: HandshakeAllThreads
Event: 3.813 Executing VM operation: HandshakeAllThreads done
Event: 3.883 Executing VM operation: G1CollectForAllocation

Events (20 events):
Event: 0.020 Loaded shared library E:\Programs\Java\jdk18\bin\jsvml.dll
Event: 0.020 Thread 0x00000195739e18c0 Thread added: 0x00000195739e18c0
Event: 0.024 Thread 0x000001957eb90870 Thread added: 0x000001957eb90870
Event: 0.024 Thread 0x000001957eb91ce0 Thread added: 0x000001957eb91ce0
Event: 0.039 Thread 0x000001957ebac640 Thread added: 0x000001957ebac640
Event: 0.039 Thread 0x000001957ebacef0 Thread added: 0x000001957ebacef0
Event: 0.040 Thread 0x000001957ebad890 Thread added: 0x000001957ebad890
Event: 0.040 Thread 0x000001957ebb8250 Thread added: 0x000001957ebb8250
Event: 0.040 Thread 0x000001957ebdcc40 Thread added: 0x000001957ebdcc40
Event: 0.040 Thread 0x000001957ebdd620 Thread added: 0x000001957ebdd620
Event: 0.040 Thread 0x000001957ebe9b00 Thread added: 0x000001957ebe9b00
Event: 0.059 Thread 0x00000195171bc2d0 Thread added: 0x00000195171bc2d0
Event: 0.062 Thread 0x00000195171c0a20 Thread added: 0x00000195171c0a20
Event: 0.066 Loaded shared library E:\Programs\Java\jdk18\bin\net.dll
Event: 0.068 Loaded shared library E:\Programs\Java\jdk18\bin\nio.dll
Event: 0.071 Loaded shared library E:\Programs\Java\jdk18\bin\zip.dll
Event: 0.075 Loaded shared library E:\Programs\Java\jdk18\bin\verify.dll
Event: 0.079 Loaded shared library E:\Programs\Java\jdk18\bin\jimage.dll
Event: 0.124 Thread 0x000001951724c690 Thread added: 0x000001951724c690
Event: 0.229 Loaded shared library C:\Users\hasha\AppData\Local\Temp\jansi-2.3.4-26d1a36079f6b42a-jansi.dll


Dynamic libraries:
0x00007ff6c5cd0000 - 0x00007ff6c5ce0000 	E:\Programs\Java\jdk18\bin\java.exe
0x00007ffb53f20000 - 0x00007ffb54129000 	C:\WINDOWS\SYSTEM32\ntdll.dll
0x00007ffb52810000 - 0x00007ffb528cd000 	C:\WINDOWS\System32\KERNEL32.DLL
0x00007ffb51570000 - 0x00007ffb518e4000 	C:\WINDOWS\System32\KERNELBASE.dll
0x00007ffb51bd0000 - 0x00007ffb51ce1000 	C:\WINDOWS\System32\ucrtbase.dll
0x00007ffb3f920000 - 0x00007ffb3f93a000 	E:\Programs\Java\jdk18\bin\VCRUNTIME140.dll
0x00007ffb4d600000 - 0x00007ffb4d618000 	E:\Programs\Java\jdk18\bin\jli.dll
0x00007ffb52e80000 - 0x00007ffb52f2e000 	C:\WINDOWS\System32\ADVAPI32.dll
0x00007ffb534a0000 - 0x00007ffb53543000 	C:\WINDOWS\System32\msvcrt.dll
0x00007ffb51fa0000 - 0x00007ffb5203e000 	C:\WINDOWS\System32\sechost.dll
0x00007ffb53b80000 - 0x00007ffb53ca0000 	C:\WINDOWS\System32\RPCRT4.dll
0x00007ffb53d00000 - 0x00007ffb53eac000 	C:\WINDOWS\System32\USER32.dll
0x00007ffb38bd0000 - 0x00007ffb38e75000 	C:\WINDOWS\WinSxS\amd64_microsoft.windows.common-controls_6595b64144ccf1df_6.0.22000.120_none_9d947278b86cc467\COMCTL32.dll
0x00007ffb51a60000 - 0x00007ffb51a86000 	C:\WINDOWS\System32\win32u.dll
0x00007ffb53a20000 - 0x00007ffb53a49000 	C:\WINDOWS\System32\GDI32.dll
0x00007ffb51450000 - 0x00007ffb51562000 	C:\WINDOWS\System32\gdi32full.dll
0x00007ffb51cf0000 - 0x00007ffb51d8d000 	C:\WINDOWS\System32\msvcp_win.dll
0x00007ffb4b6f0000 - 0x00007ffb4b6fa000 	C:\WINDOWS\SYSTEM32\VERSION.dll
0x00007ffb53cc0000 - 0x00007ffb53cf1000 	C:\WINDOWS\System32\IMM32.DLL
0x00007ffb4a200000 - 0x00007ffb4a20c000 	E:\Programs\Java\jdk18\bin\vcruntime140_1.dll
0x00007ffb2fd40000 - 0x00007ffb2fdcd000 	E:\Programs\Java\jdk18\bin\msvcp140.dll
0x00007ffb093c0000 - 0x00007ffb09fd1000 	E:\Programs\Java\jdk18\bin\server\jvm.dll
0x00007ffb51f90000 - 0x00007ffb51f98000 	C:\WINDOWS\System32\PSAPI.DLL
0x00007ffb4bca0000 - 0x00007ffb4bcd3000 	C:\WINDOWS\SYSTEM32\WINMM.dll
0x00007ffb3e100000 - 0x00007ffb3e109000 	C:\WINDOWS\SYSTEM32\WSOCK32.dll
0x00007ffb53430000 - 0x00007ffb5349f000 	C:\WINDOWS\System32\WS2_32.dll
0x00007ffb50590000 - 0x00007ffb505a8000 	C:\WINDOWS\SYSTEM32\kernel.appcore.dll
0x00007ffb4a140000 - 0x00007ffb4a14a000 	E:\Programs\Java\jdk18\bin\jimage.dll
0x00007ffb4e670000 - 0x00007ffb4e891000 	C:\WINDOWS\SYSTEM32\DBGHELP.DLL
0x00007ffb4a0e0000 - 0x00007ffb4a111000 	C:\WINDOWS\SYSTEM32\dbgcore.DLL
0x00007ffb51b50000 - 0x00007ffb51bcf000 	C:\WINDOWS\System32\bcryptPrimitives.dll
0x00007ffb3f8f0000 - 0x00007ffb3f915000 	E:\Programs\Java\jdk18\bin\java.dll
0x00007ffb1bae0000 - 0x00007ffb1bbb6000 	E:\Programs\Java\jdk18\bin\jsvml.dll
0x00007ffb52040000 - 0x00007ffb527ef000 	C:\WINDOWS\System32\SHELL32.dll
0x00007ffb4f520000 - 0x00007ffb4fd88000 	C:\WINDOWS\SYSTEM32\windows.storage.dll
0x00007ffb528d0000 - 0x00007ffb52c48000 	C:\WINDOWS\System32\combase.dll
0x00007ffb4f3b0000 - 0x00007ffb4f516000 	C:\WINDOWS\SYSTEM32\wintypes.dll
0x00007ffb53210000 - 0x00007ffb532fa000 	C:\WINDOWS\System32\SHCORE.dll
0x00007ffb52c50000 - 0x00007ffb52cad000 	C:\WINDOWS\System32\shlwapi.dll
0x00007ffb51310000 - 0x00007ffb51331000 	C:\WINDOWS\SYSTEM32\profapi.dll
0x00007ffb3e3a0000 - 0x00007ffb3e3b3000 	E:\Programs\Java\jdk18\bin\net.dll
0x00007ffb4c210000 - 0x00007ffb4c31c000 	C:\WINDOWS\SYSTEM32\WINHTTP.dll
0x00007ffb509e0000 - 0x00007ffb50a47000 	C:\WINDOWS\system32\mswsock.dll
0x00007ffb3e1c0000 - 0x00007ffb3e1d6000 	E:\Programs\Java\jdk18\bin\nio.dll
0x00007ffb3c5f0000 - 0x00007ffb3c608000 	E:\Programs\Java\jdk18\bin\zip.dll
0x00007ffb3f830000 - 0x00007ffb3f840000 	E:\Programs\Java\jdk18\bin\verify.dll
0x0000000069ac0000 - 0x0000000069ae4000 	C:\Users\hasha\AppData\Local\Temp\jansi-2.3.4-26d1a36079f6b42a-jansi.dll

dbghelp: loaded successfully - version: 4.0.5 - missing functions: none
symbol engine: initialized successfully - sym options: 0x614 - pdb path: .;E:\Programs\Java\jdk18\bin;C:\WINDOWS\SYSTEM32;C:\WINDOWS\WinSxS\amd64_microsoft.windows.common-controls_6595b64144ccf1df_6.0.22000.120_none_9d947278b86cc467;E:\Programs\Java\jdk18\bin\server;C:\Users\hasha\AppData\Local\Temp

VM Arguments:
jvm_args: -Dmaven.multiModuleProjectDirectory=D:\NAGP\nagp-microservices-assignment1-master\api-gateway 
java_command: org.apache.maven.wrapper.MavenWrapperMain package
java_class_path (initial): D:\NAGP\nagp-microservices-assignment1-master\api-gateway\.mvn\wrapper\maven-wrapper.jar
Launcher Type: SUN_STANDARD

[Global flags]
     intx CICompilerCount                          = 4                                         {product} {ergonomic}
     uint ConcGCThreads                            = 2                                         {product} {ergonomic}
     uint G1ConcRefinementThreads                  = 8                                         {product} {ergonomic}
   size_t G1HeapRegionSize                         = 1048576                                   {product} {ergonomic}
    uintx GCDrainStackTargetSize                   = 64                                        {product} {ergonomic}
   size_t InitialHeapSize                          = 134217728                                 {product} {ergonomic}
   size_t MarkStackSize                            = 4194304                                   {product} {ergonomic}
   size_t MaxHeapSize                              = 2118123520                                {product} {ergonomic}
   size_t MaxNewSize                               = 1270874112                                {product} {ergonomic}
   size_t MinHeapDeltaBytes                        = 1048576                                   {product} {ergonomic}
   size_t MinHeapSize                              = 8388608                                   {product} {ergonomic}
    uintx NonNMethodCodeHeapSize                   = 5839372                                {pd product} {ergonomic}
    uintx NonProfiledCodeHeapSize                  = 122909434                              {pd product} {ergonomic}
    uintx ProfiledCodeHeapSize                     = 122909434                              {pd product} {ergonomic}
    uintx ReservedCodeCacheSize                    = 251658240                              {pd product} {ergonomic}
     bool SegmentedCodeCache                       = true                                      {product} {ergonomic}
   size_t SoftMaxHeapSize                          = 2118123520                             {manageable} {ergonomic}
     bool UseCompressedClassPointers               = true                           {product lp64_product} {ergonomic}
     bool UseCompressedOops                        = true                           {product lp64_product} {ergonomic}
     bool UseG1GC                                  = true                                      {product} {ergonomic}
     bool UseLargePagesIndividualAllocation        = false                                  {pd product} {ergonomic}

Logging:
Log output configuration:
 #0: stdout all=warning uptime,level,tags foldmultilines=false
 #1: stderr all=off uptime,level,tags foldmultilines=false

Environment Variables:
JAVA_HOME=E:\Programs\Java\jdk18
PATH=C:\Program Files\Common Files\Oracle\Java\javapath;C:\Program Files (x86)\Intel\iCLS Client\;C:\Program Files\Intel\iCLS Client\;C:\Windows\system32;C:\Windows;C:\Windows\System32\Wbem;C:\Windows\System32\WindowsPowerShell\v1.0\;C:\Windows\System32\OpenSSH\;C:\Program Files (x86)\Intel\Intel(R) Management Engine Components\DAL;C:\Program Files\Intel\Intel(R) Management Engine Components\DAL;C:\Program Files (x86)\Intel\Intel(R) Management Engine Components\IPT;C:\Program Files\Intel\Intel(R) Management Engine Components\IPT;C:\Program Files (x86)\NVIDIA Corporation\PhysX\Common;C:\Program Files\Intel\WiFi\bin\;C:\Program Files\Common Files\Intel\WirelessCommon\;E:\Programs\node\;E:\Programs\Git\cmd;C:\WINDOWS\system32;C:\WINDOWS;C:\WINDOWS\System32\Wbem;C:\WINDOWS\System32\WindowsPowerShell\v1.0\;C:\WINDOWS\System32\OpenSSH\;E:\Programs\apache-maven-3.8.5\bin;;C:\Program Files\Docker\Docker\resources\bin;C:\ProgramData\DockerDesktop\version-bin;C:\Users\hasha\AppData\Local\Microsoft\WindowsApps;;E:\Programs\Microsoft VS Code\bin;C:\Users\hasha\AppData\Roaming\npm;E:\Programs\IntelliJ IDEA 2022.1\bin;
USERNAME=hasha
OS=Windows_NT
PROCESSOR_IDENTIFIER=Intel64 Family 6 Model 142 Stepping 10, GenuineIntel



---------------  S Y S T E M  ---------------

OS:
 Windows 11 , 64 bit Build 22000 (10.0.22000.613)
OS uptime: 3 days 6:05 hours
Hyper-V role detected

CPU: total 8 (initial active 8) (4 cores per cpu, 2 threads per core) family 6 model 142 stepping 10 microcode 0xe0, cx8, cmov, fxsr, ht, mmx, 3dnowpref, sse, sse2, sse3, ssse3, sse4.1, sse4.2, popcnt, lzcnt, tsc, tscinvbit, avx, avx2, aes, erms, clmul, bmi1, bmi2, adx, fma, vzeroupper, clflush, clflushopt, hv

Memory: 4k page, system-wide physical 8074M (496M free)
TotalPageFile size 22235M (AvailPageFile size 22M)
current process WorkingSet (physical memory assigned to process): 215M, peak: 215M
current process commit charge ("private bytes"): 267M, peak: 311M

vm_info: Java HotSpot(TM) 64-Bit Server VM (18+36-2087) for windows-amd64 JRE (18+36-2087), built on Feb 15 2022 09:43:11 by "mach5one" with MS VC++ 16.8 / 16.9 (VS2019)

END.
